#
# There is insufficient memory for the Java Runtime Environment to continue.
# Native memory allocation (malloc) failed to allocate 65552 bytes for Chunk::new
# Possible reasons:
#   The system is out of physical RAM or swap space
#   In 32 bit mode, the process size limit was hit
# Possible solutions:
#   Reduce memory load on the system
#   Increase physical memory or swap space
#   Check if swap backing store is full
#   Use 64 bit Java on a 64 bit OS
#   Decrease Java heap size (-Xmx/-Xms)
#   Decrease number of Java threads
#   Decrease Java thread stack sizes (-Xss)
#   Set larger code cache with -XX:ReservedCodeCacheSize=
# This output file may be truncated or incomplete.
#
#  Out of Memory Error (allocation.cpp:390), pid=2124, tid=0x0000000000000f4c
#
# JRE version: OpenJDK Runtime Environment (8.0_152-b02) (build 1.8.0_152-release-1024-b02)
# Java VM: OpenJDK 64-Bit Server VM (25.152-b02 mixed mode windows-amd64 compressed oops)
# Failed to write core dump. Minidumps are not enabled by default on client versions of Windows
#

---------------  T H R E A D  ---------------

Current thread (0x000000005509b000):  JavaThread "C2 CompilerThread0" daemon [_thread_in_native, id=3916, stack(0x0000000056de0000,0x0000000056ee0000)]

Stack: [0x0000000056de0000,0x0000000056ee0000]
[error occurred during error reporting (printing stack bounds), id 0xc0000005]

Native frames: (J=compiled Java code, j=interpreted, Vv=VM code, C=native code)


Current CompileTask:
C2: 530547 13466       4       java.beans.Introspector::getTargetEventInfo (1082 bytes)


---------------  P R O C E S S  ---------------

Java Threads: ( => current thread )
  0x000000005caf7800 JavaThread "build operations Thread 4" [_thread_blocked, id=3876, stack(0x000000005ec80000,0x000000005ed80000)]
  0x000000005cafc800 JavaThread "build operations Thread 3" [_thread_blocked, id=4224, stack(0x000000005f100000,0x000000005f200000)]
  0x000000005a655000 JavaThread "build operations Thread 2" [_thread_blocked, id=3280, stack(0x000000005b500000,0x000000005b600000)]
  0x000000005a65b800 JavaThread "build operations" [_thread_blocked, id=4088, stack(0x0000000058e30000,0x0000000058f30000)]
  0x000000005a65b000 JavaThread "Cache worker for Artifact transforms cache (C:\Users\User\.gradle\caches\transforms-1)" [_thread_blocked, id=4124, stack(0x000000005ead0000,0x000000005ebd0000)]
  0x000000005a64e000 JavaThread "Cache worker for file hash cache (C:\Users\User\Desktop\friendlychat-android-master\friendlychat-android-master\android-start\.gradle\4.4\fileHashes)" [_thread_blocked, id=3712, stack(0x0000000059cb0000,0x0000000059db0000)]
  0x000000005a658800 JavaThread "Stdin handler" [_thread_blocked, id=1512, stack(0x000000005e0a0000,0x000000005e1a0000)]
  0x000000005a652000 JavaThread "Asynchronous log dispatcher for DefaultDaemonConnection: socket connection from /127.0.0.1:50133 to /127.0.0.1:50206" [_thread_blocked, id=5052, stack(0x0000000059ab0000,0x0000000059bb0000)]
  0x000000005a652800 JavaThread "Cancel handler" [_thread_blocked, id=1164, stack(0x00000000598d0000,0x00000000599d0000)]
  0x000000005a64f000 JavaThread "Handler for socket connection from /127.0.0.1:50133 to /127.0.0.1:50206" [_thread_in_native, id=2016, stack(0x0000000059370000,0x0000000059470000)]
  0x000000005a650800 JavaThread "Daemon worker Thread 3" [_thread_in_vm, id=3740, stack(0x0000000059bb0000,0x0000000059cb0000)]
  0x000000005a64c800 JavaThread "Daemon Thread 3" [_thread_blocked, id=4112, stack(0x0000000059490000,0x0000000059590000)]
  0x000000005a654000 JavaThread "Memory manager" [_thread_blocked, id=2300, stack(0x000000005fa70000,0x000000005fb70000)]
  0x0000000058a25800 JavaThread "File lock request listener" [_thread_in_native, id=2312, stack(0x000000005b3c0000,0x000000005b4c0000)]
  0x00000000585e4000 JavaThread "Cache worker for file hash cache (C:\Users\User\.gradle\caches\4.4\fileHashes)" [_thread_blocked, id=3448, stack(0x000000005b240000,0x000000005b340000)]
  0x00000000585a5800 JavaThread "Daemon periodic checks" [_thread_blocked, id=4292, stack(0x00000000591b0000,0x00000000592b0000)]
  0x00000000585a1000 JavaThread "Incoming local TCP Connector on port 50133" [_thread_in_native, id=4320, stack(0x00000000590a0000,0x00000000591a0000)]
  0x0000000056705800 JavaThread "Service Thread" daemon [_thread_blocked, id=156, stack(0x0000000057210000,0x0000000057310000)]
  0x000000005669d000 JavaThread "C1 CompilerThread2" daemon [_thread_blocked, id=4540, stack(0x0000000057040000,0x0000000057140000)]
  0x000000005668e000 JavaThread "C2 CompilerThread1" daemon [_thread_in_native, id=2416, stack(0x0000000056a80000,0x0000000056b80000)]
=>0x000000005509b000 JavaThread "C2 CompilerThread0" daemon [_thread_in_native, id=3916, stack(0x0000000056de0000,0x0000000056ee0000)]
  0x0000000056678800 JavaThread "Attach Listener" daemon [_thread_blocked, id=4164, stack(0x0000000056c30000,0x0000000056d30000)]
  0x0000000055099800 JavaThread "Signal Dispatcher" daemon [_thread_blocked, id=4244, stack(0x00000000560f0000,0x00000000561f0000)]
  0x0000000055078800 JavaThread "Finalizer" daemon [_thread_blocked, id=2000, stack(0x0000000056570000,0x0000000056670000)]
  0x0000000055031800 JavaThread "Reference Handler" daemon [_thread_blocked, id=3360, stack(0x00000000563e0000,0x00000000564e0000)]
  0x00000000025cf000 JavaThread "main" [_thread_blocked, id=3576, stack(0x0000000002630000,0x0000000002730000)]

Other Threads:
  0x0000000055029800 VMThread [stack: 0x0000000056220000,0x0000000056320000] [id=4592]
  0x0000000056737000 WatcherThread [stack: 0x0000000057360000,0x0000000057460000] [id=2204]

VM state:not at safepoint (normal execution)

VM Mutex/Monitor currently owned by a thread: None

Heap:
 PSYoungGen      total 293376K, used 88359K [0x00000000eab00000, 0x0000000100000000, 0x0000000100000000)
  eden space 242688K, 36% used [0x00000000eab00000,0x00000000f0149cc0,0x00000000f9800000)
  from space 50688K, 0% used [0x00000000fce80000,0x00000000fce80000,0x0000000100000000)
  to   space 53248K, 0% used [0x00000000f9800000,0x00000000f9800000,0x00000000fcc00000)
 ParOldGen       total 209408K, used 126485K [0x00000000c0000000, 0x00000000ccc80000, 0x00000000eab00000)
  object space 209408K, 60% used [0x00000000c0000000,0x00000000c7b855f8,0x00000000ccc80000)
 Metaspace       used 154635K, capacity 164150K, committed 164440K, reserved 1191936K
  class space    used 20399K, capacity 22787K, committed 22912K, reserved 1048576K

Card table byte_map: [0x0000000011bb0000,0x0000000011dc0000] byte_map_base: 0x00000000115b0000

Marking Bits: (ParMarkBitMap*) 0x00000000609d4970
 Begin Bits: [0x00000000124a0000, 0x00000000134a0000)
 End Bits:   [0x00000000134a0000, 0x00000000144a0000)

Polling page: 0x0000000000130000

CodeCache: size=245760Kb used=41311Kb max_used=41311Kb free=204449Kb
 bounds [0x00000000027f0000, 0x0000000005080000, 0x00000000117f0000]
 total_blobs=12338 nmethods=11510 adapters=739
 compilation: enabled

Compilation events (10 events):
Event: 530.381 Thread 0x000000005669d000 13469   !   3       org.jetbrains.plugins.gradle.tooling.builder.ProjectExtensionsDataBuilderImpl$getType::call (27 bytes)
Event: 530.381 Thread 0x000000005669d000 nmethod 13469 0x0000000005072ed0 code [0x0000000005073080, 0x00000000050734e8]
Event: 530.393 Thread 0x000000005669d000 13470       3       org.codehaus.groovy.reflection.ClassInfo::getMetaClassUnderLock (80 bytes)
Event: 530.395 Thread 0x000000005669d000 nmethod 13470 0x0000000005076590 code [0x00000000050767c0, 0x0000000005077658]
Event: 530.395 Thread 0x000000005669d000 13471   !   3       sun.reflect.GeneratedConstructorAccessor58::newInstance (85 bytes)
Event: 530.396 Thread 0x000000005669d000 nmethod 13471 0x000000000507aed0 code [0x000000000507b100, 0x000000000507be48]
Event: 530.496 Thread 0x000000005669d000 13474       3       org.codehaus.groovy.runtime.metaclass.MultipleSetterProperty::<init> (16 bytes)
Event: 530.497 Thread 0x000000005669d000 nmethod 13474 0x0000000005075650 code [0x0000000005075840, 0x00000000050760f8]
Event: 530.497 Thread 0x000000005669d000 13475       3       org.codehaus.groovy.runtime.metaclass.MultipleSetterProperty::setField (6 bytes)
Event: 530.497 Thread 0x000000005669d000 nmethod 13475 0x0000000005072b90 code [0x0000000005072ce0, 0x0000000005072e50]

GC Heap History (10 events):
Event: 447.327 GC heap before
{Heap before GC invocations=17 (full 4):
 PSYoungGen      total 302080K, used 274242K [0x00000000eab00000, 0x0000000100000000, 0x0000000100000000)
  eden space 273408K, 100% used [0x00000000eab00000,0x00000000fb600000,0x00000000fb600000)
  from space 28672K, 2% used [0x00000000fe400000,0x00000000fe4d0be8,0x0000000100000000)
  to   space 37888K, 0% used [0x00000000fb600000,0x00000000fb600000,0x00000000fdb00000)
 ParOldGen       total 144384K, used 81897K [0x00000000c0000000, 0x00000000c8d00000, 0x00000000eab00000)
  object space 144384K, 56% used [0x00000000c0000000,0x00000000c4ffa670,0x00000000c8d00000)
 Metaspace       used 109156K, capacity 114994K, committed 115160K, reserved 1148928K
  class space    used 14446K, capacity 16002K, committed 16128K, reserved 1048576K
Event: 447.375 GC heap after
Heap after GC invocations=17 (full 4):
 PSYoungGen      total 305152K, used 31710K [0x00000000eab00000, 0x0000000100000000, 0x0000000100000000)
  eden space 273408K, 0% used [0x00000000eab00000,0x00000000eab00000,0x00000000fb600000)
  from space 31744K, 99% used [0x00000000fb600000,0x00000000fd4f79b8,0x00000000fd500000)
  to   space 41984K, 0% used [0x00000000fd700000,0x00000000fd700000,0x0000000100000000)
 ParOldGen       total 144384K, used 82065K [0x00000000c0000000, 0x00000000c8d00000, 0x00000000eab00000)
  object space 144384K, 56% used [0x00000000c0000000,0x00000000c5024690,0x00000000c8d00000)
 Metaspace       used 109156K, capacity 114994K, committed 115160K, reserved 1148928K
  class space    used 14446K, capacity 16002K, committed 16128K, reserved 1048576K
}
Event: 457.755 GC heap before
{Heap before GC invocations=18 (full 4):
 PSYoungGen      total 305152K, used 305118K [0x00000000eab00000, 0x0000000100000000, 0x0000000100000000)
  eden space 273408K, 100% used [0x00000000eab00000,0x00000000fb600000,0x00000000fb600000)
  from space 31744K, 99% used [0x00000000fb600000,0x00000000fd4f79b8,0x00000000fd500000)
  to   space 41984K, 0% used [0x00000000fd700000,0x00000000fd700000,0x0000000100000000)
 ParOldGen       total 144384K, used 82065K [0x00000000c0000000, 0x00000000c8d00000, 0x00000000eab00000)
  object space 144384K, 56% used [0x00000000c0000000,0x00000000c5024690,0x00000000c8d00000)
 Metaspace       used 125144K, capacity 132468K, committed 132696K, reserved 1163264K
  class space    used 16561K, capacity 18449K, committed 18560K, reserved 1048576K
Event: 457.801 GC heap after
Heap after GC invocations=18 (full 4):
 PSYoungGen      total 291840K, used 41956K [0x00000000eab00000, 0x0000000100000000, 0x0000000100000000)
  eden space 249856K, 0% used [0x00000000eab00000,0x00000000eab00000,0x00000000f9f00000)
  from space 41984K, 99% used [0x00000000fd700000,0x00000000ffff9018,0x0000000100000000)
  to   space 49664K, 0% used [0x00000000f9f00000,0x00000000f9f00000,0x00000000fcf80000)
 ParOldGen       total 144384K, used 85247K [0x00000000c0000000, 0x00000000c8d00000, 0x00000000eab00000)
  object space 144384K, 59% used [0x00000000c0000000,0x00000000c533fe38,0x00000000c8d00000)
 Metaspace       used 125144K, capacity 132468K, committed 132696K, reserved 1163264K
  class space    used 16561K, capacity 18449K, committed 18560K, reserved 1048576K
}
Event: 466.468 GC heap before
{Heap before GC invocations=19 (full 4):
 PSYoungGen      total 291840K, used 291812K [0x00000000eab00000, 0x0000000100000000, 0x0000000100000000)
  eden space 249856K, 100% used [0x00000000eab00000,0x00000000f9f00000,0x00000000f9f00000)
  from space 41984K, 99% used [0x00000000fd700000,0x00000000ffff9018,0x0000000100000000)
  to   space 49664K, 0% used [0x00000000f9f00000,0x00000000f9f00000,0x00000000fcf80000)
 ParOldGen       total 144384K, used 85247K [0x00000000c0000000, 0x00000000c8d00000, 0x00000000eab00000)
  object space 144384K, 59% used [0x00000000c0000000,0x00000000c533fe38,0x00000000c8d00000)
 Metaspace       used 140171K, capacity 148610K, committed 148696K, reserved 1177600K
  class space    used 18521K, capacity 20688K, committed 20736K, reserved 1048576K
Event: 466.541 GC heap after
Heap after GC invocations=19 (full 4):
 PSYoungGen      total 281088K, used 30760K [0x00000000eab00000, 0x0000000100000000, 0x0000000100000000)
  eden space 249856K, 0% used [0x00000000eab00000,0x00000000eab00000,0x00000000f9f00000)
  from space 31232K, 98% used [0x00000000f9f00000,0x00000000fbd0a3a0,0x00000000fbd80000)
  to   space 50688K, 0% used [0x00000000fce80000,0x00000000fce80000,0x0000000100000000)
 ParOldGen       total 144384K, used 116090K [0x00000000c0000000, 0x00000000c8d00000, 0x00000000eab00000)
  object space 144384K, 80% used [0x00000000c0000000,0x00000000c715e8b0,0x00000000c8d00000)
 Metaspace       used 140171K, capacity 148610K, committed 148696K, reserved 1177600K
  class space    used 18521K, capacity 20688K, committed 20736K, reserved 1048576K
}
Event: 529.284 GC heap before
{Heap before GC invocations=20 (full 4):
 PSYoungGen      total 281088K, used 216133K [0x00000000eab00000, 0x0000000100000000, 0x0000000100000000)
  eden space 249856K, 74% used [0x00000000eab00000,0x00000000f60070a0,0x00000000f9f00000)
  from space 31232K, 98% used [0x00000000f9f00000,0x00000000fbd0a3a0,0x00000000fbd80000)
  to   space 50688K, 0% used [0x00000000fce80000,0x00000000fce80000,0x0000000100000000)
 ParOldGen       total 144384K, used 116090K [0x00000000c0000000, 0x00000000c8d00000, 0x00000000eab00000)
  object space 144384K, 80% used [0x00000000c0000000,0x00000000c715e8b0,0x00000000c8d00000)
 Metaspace       used 152791K, capacity 162144K, committed 162264K, reserved 1189888K
  class space    used 20104K, capacity 22497K, committed 22528K, reserved 1048576K
Event: 529.338 GC heap after
Heap after GC invocations=20 (full 4):
 PSYoungGen      total 293376K, used 35480K [0x00000000eab00000, 0x0000000100000000, 0x0000000100000000)
  eden space 242688K, 0% used [0x00000000eab00000,0x00000000eab00000,0x00000000f9800000)
  from space 50688K, 69% used [0x00000000fce80000,0x00000000ff1263c8,0x0000000100000000)
  to   space 53248K, 0% used [0x00000000f9800000,0x00000000f9800000,0x00000000fcc00000)
 ParOldGen       total 144384K, used 116098K [0x00000000c0000000, 0x00000000c8d00000, 0x00000000eab00000)
  object space 144384K, 80% used [0x00000000c0000000,0x00000000c71608b0,0x00000000c8d00000)
 Metaspace       used 152791K, capacity 162144K, committed 162264K, reserved 1189888K
  class space    used 20104K, capacity 22497K, committed 22528K, reserved 1048576K
}
Event: 529.338 GC heap before
{Heap before GC invocations=21 (full 5):
 PSYoungGen      total 293376K, used 35480K [0x00000000eab00000, 0x0000000100000000, 0x0000000100000000)
  eden space 242688K, 0% used [0x00000000eab00000,0x00000000eab00000,0x00000000f9800000)
  from space 50688K, 69% used [0x00000000fce80000,0x00000000ff1263c8,0x0000000100000000)
  to   space 53248K, 0% used [0x00000000f9800000,0x00000000f9800000,0x00000000fcc00000)
 ParOldGen       total 144384K, used 116098K [0x00000000c0000000, 0x00000000c8d00000, 0x00000000eab00000)
  object space 144384K, 80% used [0x00000000c0000000,0x00000000c71608b0,0x00000000c8d00000)
 Metaspace       used 152791K, capacity 162144K, committed 162264K, reserved 1189888K
  class space    used 20104K, capacity 22497K, committed 22528K, reserved 1048576K
Event: 529.806 GC heap after
Heap after GC invocations=21 (full 5):
 PSYoungGen      total 293376K, used 0K [0x00000000eab00000, 0x0000000100000000, 0x0000000100000000)
  eden space 242688K, 0% used [0x00000000eab00000,0x00000000eab00000,0x00000000f9800000)
  from space 50688K, 0% used [0x00000000fce80000,0x00000000fce80000,0x0000000100000000)
  to   space 53248K, 0% used [0x00000000f9800000,0x00000000f9800000,0x00000000fcc00000)
 ParOldGen       total 209408K, used 126485K [0x00000000c0000000, 0x00000000ccc80000, 0x00000000eab00000)
  object space 209408K, 60% used [0x00000000c0000000,0x00000000c7b855f8,0x00000000ccc80000)
 Metaspace       used 152692K, capacity 161860K, committed 162264K, reserved 1189888K
  class space    used 20075K, capacity 22405K, committed 22528K, reserved 1048576K
}

Deoptimization events (10 events):
Event: 466.296 Thread 0x000000005a650800 Uncommon trap: reason=null_check action=make_not_entrant pc=0x0000000004eb7330 method=java.lang.Class.isEnum()Z @ 1
Event: 466.918 Thread 0x000000005a650800 Uncommon trap: reason=null_check action=make_not_entrant pc=0x00000000040e2378 method=java.lang.ThreadLocal$ThreadLocalMap.set(Ljava/lang/ThreadLocal;Ljava/lang/Object;)V @ 36
Event: 526.728 Thread 0x000000005a650800 Uncommon trap: reason=class_check action=maybe_recompile pc=0x000000000477a8c0 method=org.objectweb.asm.ClassReader.readCode(Lorg/objectweb/asm/MethodVisitor;Lorg/objectweb/asm/Context;I)V @ 2143
Event: 526.741 Thread 0x000000005a650800 Uncommon trap: reason=class_check action=maybe_recompile pc=0x000000000477a8c0 method=org.objectweb.asm.ClassReader.readCode(Lorg/objectweb/asm/MethodVisitor;Lorg/objectweb/asm/Context;I)V @ 2143
Event: 526.752 Thread 0x000000005a650800 Uncommon trap: reason=class_check action=maybe_recompile pc=0x000000000477a8c0 method=org.objectweb.asm.ClassReader.readCode(Lorg/objectweb/asm/MethodVisitor;Lorg/objectweb/asm/Context;I)V @ 2143
Event: 526.752 Thread 0x000000005a650800 Uncommon trap: reason=predicate action=maybe_recompile pc=0x0000000004779194 method=org.objectweb.asm.ClassReader.readCode(Lorg/objectweb/asm/MethodVisitor;Lorg/objectweb/asm/Context;I)V @ 461
Event: 526.802 Thread 0x000000005a650800 Uncommon trap: reason=unstable_if action=reinterpret pc=0x0000000004e7a38c method=sun.misc.URLClassPath$1.next()Z @ 56
Event: 528.215 Thread 0x000000005a650800 Uncommon trap: reason=null_check action=make_not_entrant pc=0x0000000004e8860c method=org.gradle.api.internal.collections.CollectionFilter.filter(Ljava/lang/Object;)Ljava/lang/Object; @ 5
Event: 530.137 Thread 0x000000005a650800 Uncommon trap: reason=null_check action=make_not_entrant pc=0x0000000005040ba8 method=java.beans.PropertyDescriptor.isAssignable(Ljava/lang/reflect/Method;Ljava/lang/reflect/Method;)Z @ 72
Event: 530.322 Thread 0x000000005a650800 Uncommon trap: reason=class_check action=maybe_recompile pc=0x00000000030ed838 method=java.util.regex.Pattern$BnM.match(Ljava/util/regex/Matcher;ILjava/lang/CharSequence;)Z @ 111

Classes redefined (0 events):
No events

Internal exceptions (10 events):
Event: 530.489 Thread 0x000000005a650800 Exception <a 'java/lang/ClassNotFoundException': com/android/build/gradle/tasks/SplitsDiscovery_DecoratedBeanInfo> (0x00000000efa646a0) thrown at [D:\src\AOSP-openjdk-cygwin\jdk8u\hotspot\src\share\vm\classfile\systemDictionary.cpp, line 210]
Event: 530.490 Thread 0x000000005a650800 Exception <a 'java/lang/ClassNotFoundException': com/android/build/gradle/tasks/SplitsDiscoveryBeanInfo> (0x00000000efa77828) thrown at [D:\src\AOSP-openjdk-cygwin\jdk8u\hotspot\src\share\vm\classfile\systemDictionary.cpp, line 210]
Event: 530.490 Thread 0x000000005a650800 Exception <a 'java/lang/ClassNotFoundException': com/android/build/gradle/tasks/SplitsDiscoveryCustomizer> (0x00000000efa8b288) thrown at [D:\src\AOSP-openjdk-cygwin\jdk8u\hotspot\src\share\vm\classfile\systemDictionary.cpp, line 210]
Event: 530.491 Thread 0x000000005a650800 Exception <a 'java/lang/ClassNotFoundException': com/android/build/gradle/tasks/SplitsDiscovery_DecoratedCustomizer> (0x00000000efab2e40) thrown at [D:\src\AOSP-openjdk-cygwin\jdk8u\hotspot\src\share\vm\classfile\systemDictionary.cpp, line 210]
Event: 530.494 Thread 0x000000005a650800 Exception <a 'java/lang/ClassNotFoundException': com/android/build/gradle/tasks/factory/AndroidUnitTest_DecoratedBeanInfo> (0x00000000efb693b0) thrown at [D:\src\AOSP-openjdk-cygwin\jdk8u\hotspot\src\share\vm\classfile\systemDictionary.cpp, line 210]
Event: 530.494 Thread 0x000000005a650800 Exception <a 'java/lang/ClassNotFoundException': com/android/build/gradle/tasks/factory/AndroidUnitTestBeanInfo> (0x00000000efb7e178) thrown at [D:\src\AOSP-openjdk-cygwin\jdk8u\hotspot\src\share\vm\classfile\systemDictionary.cpp, line 210]
Event: 530.494 Thread 0x000000005a650800 Exception <a 'java/lang/ClassNotFoundException': com/android/build/gradle/tasks/factory/AndroidUnitTestCustomizer> (0x00000000efb937f0) thrown at [D:\src\AOSP-openjdk-cygwin\jdk8u\hotspot\src\share\vm\classfile\systemDictionary.cpp, line 210]
Event: 530.495 Thread 0x000000005a650800 Exception <a 'java/lang/ClassNotFoundException': com/android/build/gradle/tasks/factory/AndroidUnitTest_DecoratedCustomizer> (0x00000000efbcf608) thrown at [D:\src\AOSP-openjdk-cygwin\jdk8u\hotspot\src\share\vm\classfile\systemDictionary.cpp, line 210]
Event: 530.498 Thread 0x000000005a650800 Exception <a 'java/lang/ClassNotFoundException': com/android/build/gradle/internal/pipeline/TransformTask_DecoratedBeanInfo> (0x00000000efcfe078) thrown at [D:\src\AOSP-openjdk-cygwin\jdk8u\hotspot\src\share\vm\classfile\systemDictionary.cpp, line 210]
Event: 530.499 Thread 0x000000005a650800 Exception <a 'java/lang/ClassNotFoundException': com/android/build/gradle/internal/pipeline/TransformTaskBeanInfo> (0x00000000efd13760) thrown at [D:\src\AOSP-openjdk-cygwin\jdk8u\hotspot\src\share\vm\classfile\systemDictionary.cpp, line 210]

Events (10 events):
Event: 530.498 loading class com/android/build/gradle/internal/pipeline/TransformTask_DecoratedBeanInfo
Event: 530.498 loading class com/android/build/gradle/internal/pipeline/TransformTask_DecoratedBeanInfo done
Event: 530.498 loading class com/android/build/gradle/internal/pipeline/TransformTask_DecoratedBeanInfo
Event: 530.498 loading class com/android/build/gradle/internal/pipeline/TransformTask_DecoratedBeanInfo done
Event: 530.499 loading class com/android/build/gradle/internal/pipeline/TransformTaskBeanInfo
Event: 530.499 loading class com/android/build/gradle/internal/pipeline/TransformTaskBeanInfo done
Event: 530.499 loading class com/android/build/gradle/internal/pipeline/TransformTaskBeanInfo
Event: 530.499 loading class com/android/build/gradle/internal/pipeline/TransformTaskBeanInfo done
Event: 530.499 loading class com/android/build/gradle/internal/pipeline/StreamBasedTaskBeanInfo
Event: 530.499 loading class com/android/build/gradle/internal/pipeline/StreamBasedTaskBeanInfo done


Dynamic libraries:
0x000000013fc80000 - 0x000000013fcb1000 	C:\Program Files\Android\Android Studio\jre\bin\java.exe
0x0000000077a80000 - 0x0000000077c2a000 	C:\Windows\SYSTEM32\ntdll.dll
0x0000000077860000 - 0x000000007797f000 	C:\Windows\system32\kernel32.dll
0x000007fefd950000 - 0x000007fefd9ba000 	C:\Windows\system32\KERNELBASE.dll
0x000007fefe130000 - 0x000007fefe20b000 	C:\Windows\system32\ADVAPI32.dll
0x000007fefe080000 - 0x000007fefe11f000 	C:\Windows\system32\msvcrt.dll
0x000007feffbe0000 - 0x000007feffbff000 	C:\Windows\SYSTEM32\sechost.dll
0x000007fefecd0000 - 0x000007fefedfd000 	C:\Windows\system32\RPCRT4.dll
0x0000000077980000 - 0x0000000077a7a000 	C:\Windows\system32\USER32.dll
0x000007fefde70000 - 0x000007fefded7000 	C:\Windows\system32\GDI32.dll
0x000007fefe120000 - 0x000007fefe12e000 	C:\Windows\system32\LPK.dll
0x000007fefe420000 - 0x000007fefe4ea000 	C:\Windows\system32\USP10.dll
0x000007fefc000000 - 0x000007fefc1f4000 	C:\Windows\WinSxS\amd64_microsoft.windows.common-controls_6595b64144ccf1df_6.0.7601.18837_none_fa3b1e3d17594757\COMCTL32.dll
0x000007fefe000000 - 0x000007fefe071000 	C:\Windows\system32\SHLWAPI.dll
0x000007fefe8b0000 - 0x000007fefe8de000 	C:\Windows\system32\IMM32.DLL
0x000007fefdd60000 - 0x000007fefde69000 	C:\Windows\system32\MSCTF.dll
0x000007fefd6f0000 - 0x000007fefd720000 	C:\Windows\system32\nvinitx.dll
0x000007fefd6e0000 - 0x000007fefd6ec000 	C:\Windows\system32\VERSION.dll
0x0000000075320000 - 0x0000000075326000 	C:\Program Files\NVIDIA Corporation\CoProcManager\detoured.dll
0x000007fefbb50000 - 0x000007fefbb88000 	C:\Program Files\NVIDIA Corporation\CoProcManager\nvd3d9wrapx.dll
0x000007fefdb80000 - 0x000007fefdd57000 	C:\Windows\system32\SETUPAPI.dll
0x000007fefd820000 - 0x000007fefd856000 	C:\Windows\system32\CFGMGR32.dll
0x000007fefe7d0000 - 0x000007fefe8aa000 	C:\Windows\system32\OLEAUT32.dll
0x000007fefe210000 - 0x000007fefe413000 	C:\Windows\system32\ole32.dll
0x000007fefd870000 - 0x000007fefd88a000 	C:\Windows\system32\DEVOBJ.dll
0x000007fefbb20000 - 0x000007fefbb44000 	C:\Program Files\NVIDIA Corporation\CoProcManager\nvdxgiwrapx.dll
0x0000000062050000 - 0x0000000062122000 	C:\Program Files\Android\Android Studio\jre\jre\bin\msvcr100.dll
0x0000000060210000 - 0x0000000060a4f000 	C:\Program Files\Android\Android Studio\jre\jre\bin\server\jvm.dll
0x000007fef0030000 - 0x000007fef0039000 	C:\Windows\system32\WSOCK32.dll
0x000007fefee00000 - 0x000007fefee4d000 	C:\Windows\system32\WS2_32.dll
0x000007fefdb70000 - 0x000007fefdb78000 	C:\Windows\system32\NSI.dll
0x000007fefad30000 - 0x000007fefad6b000 	C:\Windows\system32\WINMM.dll
0x0000000077c50000 - 0x0000000077c57000 	C:\Windows\system32\PSAPI.DLL
0x000007feeffd0000 - 0x000007feeffdf000 	C:\Program Files\Android\Android Studio\jre\jre\bin\verify.dll
0x000007feef1b0000 - 0x000007feef1d9000 	C:\Program Files\Android\Android Studio\jre\jre\bin\java.dll
0x000007feef700000 - 0x000007feef716000 	C:\Program Files\Android\Android Studio\jre\jre\bin\zip.dll
0x000007fefee50000 - 0x000007feffbda000 	C:\Windows\system32\SHELL32.dll
0x000007fefd7b0000 - 0x000007fefd7bf000 	C:\Windows\system32\profapi.dll
0x000007feef610000 - 0x000007feef62a000 	C:\Program Files\Android\Android Studio\jre\jre\bin\net.dll
0x000007fefcf10000 - 0x000007fefcf65000 	C:\Windows\system32\mswsock.dll
0x000007fefcf00000 - 0x000007fefcf07000 	C:\Windows\System32\wship6.dll
0x000007fefbd80000 - 0x000007fefbd91000 	C:\Program Files\Android\Android Studio\jre\jre\bin\nio.dll
0x000007fef3d80000 - 0x000007fef3d9e000 	C:\Users\User\.gradle\native\25\windows-amd64\native-platform.dll
0x000007fef5080000 - 0x000007fef508d000 	C:\Program Files\Android\Android Studio\jre\jre\bin\management.dll
0x000007fefcf70000 - 0x000007fefcf88000 	C:\Windows\system32\CRYPTSP.dll
0x000007fefcc70000 - 0x000007fefccb7000 	C:\Windows\system32\rsaenh.dll
0x000007fefd9c0000 - 0x000007fefd9de000 	C:\Windows\system32\USERENV.dll
0x000007fefd5d0000 - 0x000007fefd5df000 	C:\Windows\system32\CRYPTBASE.dll
0x000007fefa420000 - 0x000007fefa447000 	C:\Windows\system32\IPHLPAPI.DLL
0x000007fefa410000 - 0x000007fefa41b000 	C:\Windows\system32\WINNSI.DLL
0x000007fefa260000 - 0x000007fefa271000 	C:\Windows\system32\dhcpcsvc6.DLL
0x000007fefa120000 - 0x000007fefa138000 	C:\Windows\system32\dhcpcsvc.DLL
0x000007feee9f0000 - 0x000007feeea14000 	C:\Program Files\Android\Android Studio\jre\jre\bin\sunec.dll
0x000007fefc780000 - 0x000007fefc787000 	C:\Windows\System32\wshtcpip.dll
0x000007fefcd90000 - 0x000007fefcdeb000 	C:\Windows\system32\DNSAPI.dll
0x000007fef9fc0000 - 0x000007fef9fc8000 	C:\Windows\system32\rasadhlp.dll
0x000007fefa310000 - 0x000007fefa363000 	C:\Windows\System32\fwpuclnt.dll
0x000007fef5040000 - 0x000007fef504b000 	C:\Program Files\Android\Android Studio\jre\jre\bin\sunmscapi.dll
0x000007fefda00000 - 0x000007fefdb6d000 	C:\Windows\system32\CRYPT32.dll
0x000007fefd7c0000 - 0x000007fefd7cf000 	C:\Windows\system32\MSASN1.dll

VM Arguments:
jvm_args: -XX:+HeapDumpOnOutOfMemoryError -Xmx1024m -Dfile.encoding=x-windows-949 -Duser.country=KR -Duser.language=ko -Duser.variant 
java_command: org.gradle.launcher.daemon.bootstrap.GradleDaemon 4.4
java_class_path (initial): C:\Users\User\.gradle\wrapper\dists\gradle-4.4-all\9br9xq1tocpiv8o6njlyu5op1\gradle-4.4\lib\gradle-launcher-4.4.jar
Launcher Type: SUN_STANDARD

Environment Variables:
PATH=C:\ProgramData\Oracle\Java\javapath;C:\Program Files (x86)\Intel\iCLS Client\;C:\Program Files\Intel\iCLS Client\;C:\Windows\system32;C:\Windows;C:\Windows\System32\Wbem;C:\Windows\System32\WindowsPowerShell\v1.0\;C:\Program Files (x86)\NVIDIA Corporation\PhysX\Common;C:\Program Files (x86)\Intel\Intel(R) Management Engine Components\DAL;C:\Program Files\Intel\Intel(R) Management Engine Components\DAL;C:\Program Files (x86)\Intel\Intel(R) Management Engine Components\IPT;C:\Program Files\Intel\Intel(R) Management Engine Components\IPT;c:\Program Files (x86)\Microsoft SQL Server\100\Tools\Binn\;c:\Program Files\Microsoft SQL Server\100\Tools\Binn\;c:\Program Files\Microsoft SQL Server\100\DTS\Binn\;C:\Windows\system32\config\systemprofile\.dnx\bin;C:\Program Files\Microsoft DNX\Dnvm\;C:\Program Files (x86)\Windows Kits\8.1\Windows Performance Toolkit\;C:\PROGRA~2\Bellcore\xSuds\bin;C:\Program Files\Microsoft SQL Server\110\Tools\Binn\;C:\Program Files (x86)\Common Files\AspenTech Shared\;C:\Program Files\MATLAB\R2018a\runtime\win64;C:\Program Files\MATLAB\R2018a\bin;C:\Program Files\Git\cmd;C:\Users\User\AppData\Local\Programs\Python\Python36\Scripts\;C:\Users\User\AppData\Local\Programs\Python\Python36\;C:\Users\User\AppData\Local\Programs\Python\Python36-32\Scripts\;C:\Users\User\AppData\Local\Programs\Python\Python36-32\;AspenTech\Aspen Hydraulics;C:\Users\User\AppData\Local\GitHubDesktop\bin
USERNAME=User
OS=Windows_NT
PROCESSOR_IDENTIFIER=Intel64 Family 6 Model 78 Stepping 3, GenuineIntel



---------------  S Y S T E M  ---------------

OS: Windows 7 , 64 bit Build 7601 (6.1.7601.23572)

CPU:total 4 (initial active 4) (2 cores per cpu, 2 threads per core) family 6 model 78 stepping 3, cmov, cx8, fxsr, mmx, sse, sse2, sse3, ssse3, sse4.1, sse4.2, popcnt, avx, avx2, aes, clmul, erms, rtm, 3dnowpref, lzcnt, ht, tsc, tscinvbit, bmi1, bmi2, adx

Memory: 4k page, physical 4085008k(268680k free), swap 4083148k(5128k free)

vm_info: OpenJDK 64-Bit Server VM (25.152-b02) for windows-amd64 JRE (1.8.0_152-release-1024-b02), built by "builder" with MS VC++ 10.0 (VS2010)

time: Wed Oct 17 16:36:44 2018
elapsed time: 530 seconds (0d 0h 8m 50s)

