#
# There is insufficient memory for the Java Runtime Environment to continue.
# Native memory allocation (malloc) failed to allocate 601776 bytes for Chunk::new
# Possible reasons:
#   The system is out of physical RAM or swap space
#   In 32 bit mode, the process size limit was hit
# Possible solutions:
#   Reduce memory load on the system
#   Increase physical memory or swap space
#   Check if swap backing store is full
#   Use 64 bit Java on a 64 bit OS
#   Decrease Java heap size (-Xmx/-Xms)
#   Decrease number of Java threads
#   Decrease Java thread stack sizes (-Xss)
#   Set larger code cache with -XX:ReservedCodeCacheSize=
# This output file may be truncated or incomplete.
#
#  Out of Memory Error (allocation.cpp:390), pid=4156, tid=0x0000000000000df4
#
# JRE version: OpenJDK Runtime Environment (8.0_152-b02) (build 1.8.0_152-release-1024-b02)
# Java VM: OpenJDK 64-Bit Server VM (25.152-b02 mixed mode windows-amd64 compressed oops)
# Failed to write core dump. Minidumps are not enabled by default on client versions of Windows
#

---------------  T H R E A D  ---------------

Current thread (0x000000005502d800):  JavaThread "C2 CompilerThread0" daemon [_thread_in_native, id=3572, stack(0x00000000567e0000,0x00000000568e0000)]

Stack: [0x00000000567e0000,0x00000000568e0000]
[error occurred during error reporting (printing stack bounds), id 0xc0000005]

Native frames: (J=compiled Java code, j=interpreted, Vv=VM code, C=native code)


Current CompileTask:
C2:  82463 8034       4       java.io.ObjectStreamClass::writeNonProxy (161 bytes)


---------------  P R O C E S S  ---------------

Java Threads: ( => current thread )
  0x000000005a2cd000 JavaThread "build operations Thread 4" [_thread_blocked, id=1720, stack(0x00000000625f0000,0x00000000626f0000)]
  0x000000005a2d0000 JavaThread "build operations Thread 3" [_thread_blocked, id=4776, stack(0x0000000064520000,0x0000000064620000)]
  0x000000005a2cf800 JavaThread "build operations Thread 2" [_thread_blocked, id=5080, stack(0x000000005f870000,0x000000005f970000)]
  0x000000005a2ce800 JavaThread "build operations" [_thread_blocked, id=5100, stack(0x0000000062a60000,0x0000000062b60000)]
  0x000000005cacc000 JavaThread "Cache worker for Artifact transforms cache (C:\Users\User\.gradle\caches\transforms-1)" [_thread_blocked, id=644, stack(0x0000000061a50000,0x0000000061b50000)]
  0x000000005cacb000 JavaThread "Cache worker for file hash cache (C:\Users\User\Desktop\friendlychat-android-master\friendlychat-android-master\android-start\.gradle\4.4\fileHashes)" [_thread_blocked, id=1524, stack(0x000000005af40000,0x000000005b040000)]
  0x000000005cac9000 JavaThread "Stdin handler" [_thread_blocked, id=2864, stack(0x000000005f2d0000,0x000000005f3d0000)]
  0x000000005cac9800 JavaThread "Asynchronous log dispatcher for DefaultDaemonConnection: socket connection from /127.0.0.1:51280 to /127.0.0.1:51293" [_thread_blocked, id=4296, stack(0x00000000598b0000,0x00000000599b0000)]
  0x000000005caca800 JavaThread "Cancel handler" [_thread_blocked, id=4476, stack(0x000000005eef0000,0x000000005eff0000)]
  0x000000005cacc800 JavaThread "Handler for socket connection from /127.0.0.1:51280 to /127.0.0.1:51293" [_thread_in_native, id=2560, stack(0x000000005e710000,0x000000005e810000)]
  0x000000005a2d2800 JavaThread "Memory manager" [_thread_blocked, id=1384, stack(0x00000000614a0000,0x00000000615a0000)]
  0x00000000583d7800 JavaThread "File lock request listener" [_thread_in_native, id=2676, stack(0x0000000059e60000,0x0000000059f60000)]
  0x00000000588ca000 JavaThread "Cache worker for file hash cache (C:\Users\User\.gradle\caches\4.4\fileHashes)" [_thread_blocked, id=856, stack(0x0000000059c80000,0x0000000059d80000)]
  0x00000000587a7000 JavaThread "Daemon worker" [_thread_in_Java, id=3428, stack(0x00000000597a0000,0x00000000598a0000)]
  0x0000000058439000 JavaThread "Daemon" [_thread_blocked, id=1888, stack(0x0000000059200000,0x0000000059300000)]
  0x0000000057f4d800 JavaThread "Daemon periodic checks" [_thread_blocked, id=1244, stack(0x00000000590d0000,0x00000000591d0000)]
  0x0000000058775800 JavaThread "Incoming local TCP Connector on port 51280" [_thread_in_native, id=4956, stack(0x00000000570f0000,0x00000000571f0000)]
  0x000000005646f800 JavaThread "Service Thread" daemon [_thread_blocked, id=3460, stack(0x0000000056fc0000,0x00000000570c0000)]
  0x00000000563f5000 JavaThread "C1 CompilerThread2" daemon [_thread_blocked, id=1512, stack(0x0000000056e50000,0x0000000056f50000)]
  0x00000000563f3800 JavaThread "C2 CompilerThread1" daemon [_thread_in_native, id=3192, stack(0x0000000056c30000,0x0000000056d30000)]
=>0x000000005502d800 JavaThread "C2 CompilerThread0" daemon [_thread_in_native, id=3572, stack(0x00000000567e0000,0x00000000568e0000)]
  0x00000000563d9000 JavaThread "Attach Listener" daemon [_thread_blocked, id=3612, stack(0x0000000056a70000,0x0000000056b70000)]
  0x00000000563d8800 JavaThread "Signal Dispatcher" daemon [_thread_blocked, id=4252, stack(0x0000000056900000,0x0000000056a00000)]
  0x0000000055008800 JavaThread "Finalizer" daemon [_thread_blocked, id=1988, stack(0x00000000562d0000,0x00000000563d0000)]
  0x0000000054fc1800 JavaThread "Reference Handler" daemon [_thread_blocked, id=608, stack(0x00000000561b0000,0x00000000562b0000)]
  0x00000000023ef000 JavaThread "main" [_thread_blocked, id=1068, stack(0x0000000002760000,0x0000000002860000)]

Other Threads:
  0x0000000054fb9800 VMThread [stack: 0x0000000055fd0000,0x00000000560d0000] [id=3696]
  0x000000005642f000 WatcherThread [stack: 0x0000000057200000,0x0000000057300000] [id=4024]

VM state:not at safepoint (normal execution)

VM Mutex/Monitor currently owned by a thread: None

Heap:
 PSYoungGen      total 184832K, used 146961K [0x00000000eab00000, 0x00000000f7a80000, 0x0000000100000000)
  eden space 173568K, 84% used [0x00000000eab00000,0x00000000f3a84620,0x00000000f5480000)
  from space 11264K, 0% used [0x00000000f6200000,0x00000000f6200000,0x00000000f6d00000)
  to   space 13824K, 0% used [0x00000000f5480000,0x00000000f5480000,0x00000000f6200000)
 ParOldGen       total 50176K, used 39858K [0x00000000c0000000, 0x00000000c3100000, 0x00000000eab00000)
  object space 50176K, 79% used [0x00000000c0000000,0x00000000c26ecad8,0x00000000c3100000)
 Metaspace       used 62615K, capacity 64848K, committed 65112K, reserved 1105920K
  class space    used 8393K, capacity 9002K, committed 9088K, reserved 1048576K

Card table byte_map: [0x0000000011c20000,0x0000000011e30000] byte_map_base: 0x0000000011620000

Marking Bits: (ParMarkBitMap*) 0x0000000060194970
 Begin Bits: [0x0000000012430000, 0x0000000013430000)
 End Bits:   [0x0000000013430000, 0x0000000014430000)

Polling page: 0x0000000000440000

CodeCache: size=245760Kb used=23364Kb max_used=23364Kb free=222395Kb
 bounds [0x0000000002860000, 0x0000000003f50000, 0x0000000011860000]
 total_blobs=7966 nmethods=7162 adapters=716
 compilation: enabled

Compilation events (10 events):
Event: 82.439 Thread 0x00000000563f5000 8059       3       sun.reflect.ClassFileAssembler::getMaxStack (6 bytes)
Event: 82.439 Thread 0x00000000563f5000 nmethod 8059 0x0000000003f33f10 code [0x0000000003f34060, 0x0000000003f341b0]
Event: 82.439 Thread 0x00000000563f5000 8060       3       sun.reflect.Label::add (23 bytes)
Event: 82.440 Thread 0x00000000563f5000 nmethod 8060 0x0000000003f338d0 code [0x0000000003f33a40, 0x0000000003f33d88]
Event: 82.440 Thread 0x00000000563f5000 8061       3       sun.reflect.Label$PatchInfo::<init> (26 bytes)
Event: 82.440 Thread 0x00000000563f5000 nmethod 8061 0x0000000003f41f50 code [0x0000000003f420a0, 0x0000000003f42270]
Event: 82.441 Thread 0x00000000563f5000 8062       1       com.android.utils.Pair::getSecond (5 bytes)
Event: 82.441 Thread 0x00000000563f5000 nmethod 8062 0x0000000003f42350 code [0x0000000003f424a0, 0x0000000003f425b0]
Event: 82.454 Thread 0x00000000563f5000 8063       3       org.gradle.model.internal.core.ModelPath::child (86 bytes)
Event: 82.455 Thread 0x00000000563f5000 nmethod 8063 0x0000000003f42610 code [0x0000000003f42840, 0x0000000003f43548]

GC Heap History (10 events):
Event: 7.316 GC heap before
{Heap before GC invocations=11 (full 2):
 PSYoungGen      total 135680K, used 8682K [0x00000000eab00000, 0x00000000f6d00000, 0x0000000100000000)
  eden space 126976K, 0% used [0x00000000eab00000,0x00000000eab00000,0x00000000f2700000)
  from space 8704K, 99% used [0x00000000f2700000,0x00000000f2f7a860,0x00000000f2f80000)
  to   space 11264K, 0% used [0x00000000f6200000,0x00000000f6200000,0x00000000f6d00000)
 ParOldGen       total 33280K, used 14976K [0x00000000c0000000, 0x00000000c2080000, 0x00000000eab00000)
  object space 33280K, 45% used [0x00000000c0000000,0x00000000c0ea0348,0x00000000c2080000)
 Metaspace       used 34630K, capacity 35316K, committed 35416K, reserved 1079296K
  class space    used 4771K, capacity 4982K, committed 4992K, reserved 1048576K
Event: 7.424 GC heap after
Heap after GC invocations=11 (full 2):
 PSYoungGen      total 135680K, used 0K [0x00000000eab00000, 0x00000000f6d00000, 0x0000000100000000)
  eden space 126976K, 0% used [0x00000000eab00000,0x00000000eab00000,0x00000000f2700000)
  from space 8704K, 0% used [0x00000000f2700000,0x00000000f2700000,0x00000000f2f80000)
  to   space 11264K, 0% used [0x00000000f6200000,0x00000000f6200000,0x00000000f6d00000)
 ParOldGen       total 47616K, used 19781K [0x00000000c0000000, 0x00000000c2e80000, 0x00000000eab00000)
  object space 47616K, 41% used [0x00000000c0000000,0x00000000c1351430,0x00000000c2e80000)
 Metaspace       used 34630K, capacity 35316K, committed 35416K, reserved 1079296K
  class space    used 4771K, capacity 4982K, committed 4992K, reserved 1048576K
}
Event: 9.152 GC heap before
{Heap before GC invocations=12 (full 2):
 PSYoungGen      total 135680K, used 126976K [0x00000000eab00000, 0x00000000f6d00000, 0x0000000100000000)
  eden space 126976K, 100% used [0x00000000eab00000,0x00000000f2700000,0x00000000f2700000)
  from space 8704K, 0% used [0x00000000f2700000,0x00000000f2700000,0x00000000f2f80000)
  to   space 11264K, 0% used [0x00000000f6200000,0x00000000f6200000,0x00000000f6d00000)
 ParOldGen       total 47616K, used 19781K [0x00000000c0000000, 0x00000000c2e80000, 0x00000000eab00000)
  object space 47616K, 41% used [0x00000000c0000000,0x00000000c1351430,0x00000000c2e80000)
 Metaspace       used 41076K, capacity 42094K, committed 42328K, reserved 1085440K
  class space    used 5617K, capacity 5976K, committed 6016K, reserved 1048576K
Event: 9.208 GC heap after
Heap after GC invocations=12 (full 2):
 PSYoungGen      total 184832K, used 11250K [0x00000000eab00000, 0x00000000f7a80000, 0x0000000100000000)
  eden space 173568K, 0% used [0x00000000eab00000,0x00000000eab00000,0x00000000f5480000)
  from space 11264K, 99% used [0x00000000f6200000,0x00000000f6cfcbf0,0x00000000f6d00000)
  to   space 13824K, 0% used [0x00000000f5480000,0x00000000f5480000,0x00000000f6200000)
 ParOldGen       total 47616K, used 22475K [0x00000000c0000000, 0x00000000c2e80000, 0x00000000eab00000)
  object space 47616K, 47% used [0x00000000c0000000,0x00000000c15f2d08,0x00000000c2e80000)
 Metaspace       used 41076K, capacity 42094K, committed 42328K, reserved 1085440K
  class space    used 5617K, capacity 5976K, committed 6016K, reserved 1048576K
}
Event: 13.286 GC heap before
{Heap before GC invocations=13 (full 2):
 PSYoungGen      total 184832K, used 184818K [0x00000000eab00000, 0x00000000f7a80000, 0x0000000100000000)
  eden space 173568K, 100% used [0x00000000eab00000,0x00000000f5480000,0x00000000f5480000)
  from space 11264K, 99% used [0x00000000f6200000,0x00000000f6cfcbf0,0x00000000f6d00000)
  to   space 13824K, 0% used [0x00000000f5480000,0x00000000f5480000,0x00000000f6200000)
 ParOldGen       total 47616K, used 22475K [0x00000000c0000000, 0x00000000c2e80000, 0x00000000eab00000)
  object space 47616K, 47% used [0x00000000c0000000,0x00000000c15f2d08,0x00000000c2e80000)
 Metaspace       used 53735K, capacity 55742K, committed 55896K, reserved 1097728K
  class space    used 7441K, capacity 7975K, committed 8064K, reserved 1048576K
Event: 13.471 GC heap after
Heap after GC invocations=13 (full 2):
 PSYoungGen      total 187392K, used 13819K [0x00000000eab00000, 0x00000000f7a80000, 0x0000000100000000)
  eden space 173568K, 0% used [0x00000000eab00000,0x00000000eab00000,0x00000000f5480000)
  from space 13824K, 99% used [0x00000000f5480000,0x00000000f61fef68,0x00000000f6200000)
  to   space 11264K, 0% used [0x00000000f6200000,0x00000000f6200000,0x00000000f6d00000)
 ParOldGen       total 47616K, used 37894K [0x00000000c0000000, 0x00000000c2e80000, 0x00000000eab00000)
  object space 47616K, 79% used [0x00000000c0000000,0x00000000c2501ad0,0x00000000c2e80000)
 Metaspace       used 53735K, capacity 55742K, committed 55896K, reserved 1097728K
  class space    used 7441K, capacity 7975K, committed 8064K, reserved 1048576K
}
Event: 14.523 GC heap before
{Heap before GC invocations=14 (full 2):
 PSYoungGen      total 187392K, used 53326K [0x00000000eab00000, 0x00000000f7a80000, 0x0000000100000000)
  eden space 173568K, 22% used [0x00000000eab00000,0x00000000ed194ad0,0x00000000f5480000)
  from space 13824K, 99% used [0x00000000f5480000,0x00000000f61fef68,0x00000000f6200000)
  to   space 11264K, 0% used [0x00000000f6200000,0x00000000f6200000,0x00000000f6d00000)
 ParOldGen       total 47616K, used 37894K [0x00000000c0000000, 0x00000000c2e80000, 0x00000000eab00000)
  object space 47616K, 79% used [0x00000000c0000000,0x00000000c2501ad0,0x00000000c2e80000)
 Metaspace       used 56875K, capacity 58892K, committed 59028K, reserved 1099776K
  class space    used 7844K, capacity 8388K, committed 8448K, reserved 1048576K
Event: 14.559 GC heap after
Heap after GC invocations=14 (full 2):
 PSYoungGen      total 184832K, used 4713K [0x00000000eab00000, 0x00000000f7a80000, 0x0000000100000000)
  eden space 173568K, 0% used [0x00000000eab00000,0x00000000eab00000,0x00000000f5480000)
  from space 11264K, 41% used [0x00000000f6200000,0x00000000f669a7b0,0x00000000f6d00000)
  to   space 13824K, 0% used [0x00000000f5480000,0x00000000f5480000,0x00000000f6200000)
 ParOldGen       total 50176K, used 50148K [0x00000000c0000000, 0x00000000c3100000, 0x00000000eab00000)
  object space 50176K, 99% used [0x00000000c0000000,0x00000000c30f93c0,0x00000000c3100000)
 Metaspace       used 56875K, capacity 58892K, committed 59028K, reserved 1099776K
  class space    used 7844K, capacity 8388K, committed 8448K, reserved 1048576K
}
Event: 14.559 GC heap before
{Heap before GC invocations=15 (full 3):
 PSYoungGen      total 184832K, used 4713K [0x00000000eab00000, 0x00000000f7a80000, 0x0000000100000000)
  eden space 173568K, 0% used [0x00000000eab00000,0x00000000eab00000,0x00000000f5480000)
  from space 11264K, 41% used [0x00000000f6200000,0x00000000f669a7b0,0x00000000f6d00000)
  to   space 13824K, 0% used [0x00000000f5480000,0x00000000f5480000,0x00000000f6200000)
 ParOldGen       total 50176K, used 50148K [0x00000000c0000000, 0x00000000c3100000, 0x00000000eab00000)
  object space 50176K, 99% used [0x00000000c0000000,0x00000000c30f93c0,0x00000000c3100000)
 Metaspace       used 56875K, capacity 58892K, committed 59028K, reserved 1099776K
  class space    used 7844K, capacity 8388K, committed 8448K, reserved 1048576K
Event: 14.933 GC heap after
Heap after GC invocations=15 (full 3):
 PSYoungGen      total 184832K, used 0K [0x00000000eab00000, 0x00000000f7a80000, 0x0000000100000000)
  eden space 173568K, 0% used [0x00000000eab00000,0x00000000eab00000,0x00000000f5480000)
  from space 11264K, 0% used [0x00000000f6200000,0x00000000f6200000,0x00000000f6d00000)
  to   space 13824K, 0% used [0x00000000f5480000,0x00000000f5480000,0x00000000f6200000)
 ParOldGen       total 50176K, used 39858K [0x00000000c0000000, 0x00000000c3100000, 0x00000000eab00000)
  object space 50176K, 79% used [0x00000000c0000000,0x00000000c26ecad8,0x00000000c3100000)
 Metaspace       used 56875K, capacity 58892K, committed 59028K, reserved 1099776K
  class space    used 7844K, capacity 8388K, committed 8448K, reserved 1048576K
}

Deoptimization events (10 events):
Event: 81.782 Thread 0x000000005cacc800 Uncommon trap: reason=bimorphic action=maybe_recompile pc=0x00000000030b8bc0 method=java.io.DataInputStream.readChar()C @ 4
Event: 81.782 Thread 0x000000005cacc800 Uncommon trap: reason=bimorphic action=maybe_recompile pc=0x00000000030b8bc0 method=java.io.DataInputStream.readChar()C @ 4
Event: 81.782 Thread 0x000000005cacc800 Uncommon trap: reason=bimorphic action=maybe_recompile pc=0x00000000030b8bc0 method=java.io.DataInputStream.readChar()C @ 4
Event: 81.784 Thread 0x000000005cacc800 Uncommon trap: reason=bimorphic action=maybe_recompile pc=0x00000000030b8bc0 method=java.io.DataInputStream.readChar()C @ 4
Event: 81.797 Thread 0x00000000587a7000 Uncommon trap: reason=null_check action=make_not_entrant pc=0x0000000003d452fc method=org.gradle.internal.serialize.DefaultSerializerRegistry$TaggedTypeSerializer.map(Ljava/lang/Class;)Lorg/gradle/internal/serialize/DefaultSerializerRegistry$TypeInfo; @ 1
Event: 81.822 Thread 0x00000000587a7000 Uncommon trap: reason=unstable_if action=reinterpret pc=0x0000000003d4ee7c method=org.gradle.internal.hash.HashCode.equals(Ljava/lang/Object;)Z @ 2
Event: 82.090 Thread 0x00000000587a7000 Uncommon trap: reason=array_check action=maybe_recompile pc=0x00000000038c9c60 method=java.util.AbstractCollection.toArray([Ljava/lang/Object;)[Ljava/lang/Object; @ 119
Event: 82.091 Thread 0x00000000587a7000 Uncommon trap: reason=array_check action=maybe_recompile pc=0x00000000038c9c60 method=java.util.AbstractCollection.toArray([Ljava/lang/Object;)[Ljava/lang/Object; @ 119
Event: 82.093 Thread 0x00000000587a7000 Uncommon trap: reason=array_check action=maybe_recompile pc=0x00000000038c9c60 method=java.util.AbstractCollection.toArray([Ljava/lang/Object;)[Ljava/lang/Object; @ 119
Event: 82.094 Thread 0x00000000587a7000 Uncommon trap: reason=array_check action=maybe_recompile pc=0x00000000038c9c60 method=java.util.AbstractCollection.toArray([Ljava/lang/Object;)[Ljava/lang/Object; @ 119

Classes redefined (0 events):
No events

Internal exceptions (10 events):
Event: 22.665 Thread 0x000000005cacc000 Exception <a 'java/lang/NoSuchMethodError': <clinit>> (0x00000000f1adb758) thrown at [D:\src\AOSP-openjdk-cygwin\jdk8u\hotspot\src\share\vm\prims\jni.cpp, line 1613]
Event: 22.944 Thread 0x0000000058439000 Exception <a 'java/lang/NoSuchMethodError': <clinit>> (0x00000000f28a4518) thrown at [D:\src\AOSP-openjdk-cygwin\jdk8u\hotspot\src\share\vm\prims\jni.cpp, line 1613]
Event: 22.946 Thread 0x0000000058439000 Exception <a 'java/lang/NoSuchMethodError': <clinit>> (0x00000000f28c13e0) thrown at [D:\src\AOSP-openjdk-cygwin\jdk8u\hotspot\src\share\vm\prims\jni.cpp, line 1613]
Event: 22.948 Thread 0x0000000058439000 Exception <a 'java/lang/NoSuchMethodError': <clinit>> (0x00000000f28e33c8) thrown at [D:\src\AOSP-openjdk-cygwin\jdk8u\hotspot\src\share\vm\prims\jni.cpp, line 1613]
Event: 22.948 Thread 0x0000000058439000 Exception <a 'java/lang/NoSuchMethodError': <clinit>> (0x00000000f28e8f30) thrown at [D:\src\AOSP-openjdk-cygwin\jdk8u\hotspot\src\share\vm\prims\jni.cpp, line 1613]
Event: 22.957 Thread 0x0000000058439000 Exception <a 'java/lang/NoSuchMethodError': <clinit>> (0x00000000f28fc370) thrown at [D:\src\AOSP-openjdk-cygwin\jdk8u\hotspot\src\share\vm\prims\jni.cpp, line 1613]
Event: 22.963 Thread 0x0000000058439000 Exception <a 'java/lang/NoSuchMethodError': <clinit>> (0x00000000f2931c98) thrown at [D:\src\AOSP-openjdk-cygwin\jdk8u\hotspot\src\share\vm\prims\jni.cpp, line 1613]
Event: 22.995 Thread 0x000000005843a000 Exception <a 'java/lang/NoSuchMethodError': <clinit>> (0x00000000f2a16138) thrown at [D:\src\AOSP-openjdk-cygwin\jdk8u\hotspot\src\share\vm\prims\jni.cpp, line 1613]
Event: 81.797 Thread 0x00000000587a7000 Implicit null exception at 0x0000000003d4514d to 0x0000000003d452e5
Event: 82.441 Thread 0x00000000587a7000 Exception <a 'sun/nio/fs/WindowsException'> (0x00000000f37c2908) thrown at [D:\src\AOSP-openjdk-cygwin\jdk8u\hotspot\src\share\vm\prims\jni.cpp, line 709]

Events (10 events):
Event: 82.287 Executing VM operation: RevokeBias
Event: 82.287 Executing VM operation: RevokeBias done
Event: 82.298 Executing VM operation: RevokeBias
Event: 82.298 Executing VM operation: RevokeBias done
Event: 82.298 Executing VM operation: RevokeBias
Event: 82.298 Executing VM operation: RevokeBias done
Event: 82.298 Executing VM operation: RevokeBias
Event: 82.298 Executing VM operation: RevokeBias done
Event: 82.298 Executing VM operation: RevokeBias
Event: 82.298 Executing VM operation: RevokeBias done


Dynamic libraries:
0x000000013fcf0000 - 0x000000013fd21000 	C:\Program Files\Android\Android Studio\jre\bin\java.exe
0x0000000077a80000 - 0x0000000077c2a000 	C:\Windows\SYSTEM32\ntdll.dll
0x0000000077860000 - 0x000000007797f000 	C:\Windows\system32\kernel32.dll
0x000007fefd950000 - 0x000007fefd9ba000 	C:\Windows\system32\KERNELBASE.dll
0x000007fefe130000 - 0x000007fefe20b000 	C:\Windows\system32\ADVAPI32.dll
0x000007fefe080000 - 0x000007fefe11f000 	C:\Windows\system32\msvcrt.dll
0x000007feffbe0000 - 0x000007feffbff000 	C:\Windows\SYSTEM32\sechost.dll
0x000007fefecd0000 - 0x000007fefedfd000 	C:\Windows\system32\RPCRT4.dll
0x0000000077980000 - 0x0000000077a7a000 	C:\Windows\system32\USER32.dll
0x000007fefde70000 - 0x000007fefded7000 	C:\Windows\system32\GDI32.dll
0x000007fefe120000 - 0x000007fefe12e000 	C:\Windows\system32\LPK.dll
0x000007fefe420000 - 0x000007fefe4ea000 	C:\Windows\system32\USP10.dll
0x000007fefc000000 - 0x000007fefc1f4000 	C:\Windows\WinSxS\amd64_microsoft.windows.common-controls_6595b64144ccf1df_6.0.7601.18837_none_fa3b1e3d17594757\COMCTL32.dll
0x000007fefe000000 - 0x000007fefe071000 	C:\Windows\system32\SHLWAPI.dll
0x000007fefe8b0000 - 0x000007fefe8de000 	C:\Windows\system32\IMM32.DLL
0x000007fefdd60000 - 0x000007fefde69000 	C:\Windows\system32\MSCTF.dll
0x000007fefd6f0000 - 0x000007fefd720000 	C:\Windows\system32\nvinitx.dll
0x000007fefd6e0000 - 0x000007fefd6ec000 	C:\Windows\system32\VERSION.dll
0x0000000075320000 - 0x0000000075326000 	C:\Program Files\NVIDIA Corporation\CoProcManager\detoured.dll
0x000007fefbb50000 - 0x000007fefbb88000 	C:\Program Files\NVIDIA Corporation\CoProcManager\nvd3d9wrapx.dll
0x000007fefdb80000 - 0x000007fefdd57000 	C:\Windows\system32\SETUPAPI.dll
0x000007fefd820000 - 0x000007fefd856000 	C:\Windows\system32\CFGMGR32.dll
0x000007fefe7d0000 - 0x000007fefe8aa000 	C:\Windows\system32\OLEAUT32.dll
0x000007fefe210000 - 0x000007fefe413000 	C:\Windows\system32\ole32.dll
0x000007fefd870000 - 0x000007fefd88a000 	C:\Windows\system32\DEVOBJ.dll
0x000007fefbb20000 - 0x000007fefbb44000 	C:\Program Files\NVIDIA Corporation\CoProcManager\nvdxgiwrapx.dll
0x0000000062740000 - 0x0000000062812000 	C:\Program Files\Android\Android Studio\jre\jre\bin\msvcr100.dll
0x000000005f9d0000 - 0x000000006020f000 	C:\Program Files\Android\Android Studio\jre\jre\bin\server\jvm.dll
0x000007fefbd90000 - 0x000007fefbd99000 	C:\Windows\system32\WSOCK32.dll
0x000007fefee00000 - 0x000007fefee4d000 	C:\Windows\system32\WS2_32.dll
0x000007fefdb70000 - 0x000007fefdb78000 	C:\Windows\system32\NSI.dll
0x000007fefad30000 - 0x000007fefad6b000 	C:\Windows\system32\WINMM.dll
0x0000000077c50000 - 0x0000000077c57000 	C:\Windows\system32\PSAPI.DLL
0x000007fefbd80000 - 0x000007fefbd8f000 	C:\Program Files\Android\Android Studio\jre\jre\bin\verify.dll
0x000007fef5300000 - 0x000007fef5329000 	C:\Program Files\Android\Android Studio\jre\jre\bin\java.dll
0x000007fef52d0000 - 0x000007fef52e6000 	C:\Program Files\Android\Android Studio\jre\jre\bin\zip.dll
0x000007fefee50000 - 0x000007feffbda000 	C:\Windows\system32\SHELL32.dll
0x000007fefd7b0000 - 0x000007fefd7bf000 	C:\Windows\system32\profapi.dll
0x000007fef52b0000 - 0x000007fef52ca000 	C:\Program Files\Android\Android Studio\jre\jre\bin\net.dll
0x000007fefcf10000 - 0x000007fefcf65000 	C:\Windows\system32\mswsock.dll
0x000007fefcf00000 - 0x000007fefcf07000 	C:\Windows\System32\wship6.dll
0x000007fef5290000 - 0x000007fef52a1000 	C:\Program Files\Android\Android Studio\jre\jre\bin\nio.dll
0x000007fef35d0000 - 0x000007fef35ee000 	C:\Users\User\.gradle\native\25\windows-amd64\native-platform.dll
0x000007fef5140000 - 0x000007fef514d000 	C:\Program Files\Android\Android Studio\jre\jre\bin\management.dll
0x000007fefcf70000 - 0x000007fefcf88000 	C:\Windows\system32\CRYPTSP.dll
0x000007fefcc70000 - 0x000007fefccb7000 	C:\Windows\system32\rsaenh.dll
0x000007fefd9c0000 - 0x000007fefd9de000 	C:\Windows\system32\USERENV.dll
0x000007fefd5d0000 - 0x000007fefd5df000 	C:\Windows\system32\CRYPTBASE.dll
0x000007fefa420000 - 0x000007fefa447000 	C:\Windows\system32\IPHLPAPI.DLL
0x000007fefa410000 - 0x000007fefa41b000 	C:\Windows\system32\WINNSI.DLL
0x000007fefa260000 - 0x000007fefa271000 	C:\Windows\system32\dhcpcsvc6.DLL
0x000007fefa120000 - 0x000007fefa138000 	C:\Windows\system32\dhcpcsvc.DLL
0x000007fef3b90000 - 0x000007fef3bb4000 	C:\Program Files\Android\Android Studio\jre\jre\bin\sunec.dll
0x000007fefc780000 - 0x000007fefc787000 	C:\Windows\System32\wshtcpip.dll
0x000007fefcd90000 - 0x000007fefcdeb000 	C:\Windows\system32\DNSAPI.dll
0x000007fef9fc0000 - 0x000007fef9fc8000 	C:\Windows\system32\rasadhlp.dll
0x000007fefa310000 - 0x000007fefa363000 	C:\Windows\System32\fwpuclnt.dll
0x000007fef5060000 - 0x000007fef506b000 	C:\Program Files\Android\Android Studio\jre\jre\bin\sunmscapi.dll
0x000007fefda00000 - 0x000007fefdb6d000 	C:\Windows\system32\CRYPT32.dll
0x000007fefd7c0000 - 0x000007fefd7cf000 	C:\Windows\system32\MSASN1.dll

VM Arguments:
jvm_args: -XX:+HeapDumpOnOutOfMemoryError -Xmx1024m -Dfile.encoding=x-windows-949 -Duser.country=KR -Duser.language=ko -Duser.variant 
java_command: org.gradle.launcher.daemon.bootstrap.GradleDaemon 4.4
java_class_path (initial): C:\Users\User\.gradle\wrapper\dists\gradle-4.4-all\9br9xq1tocpiv8o6njlyu5op1\gradle-4.4\lib\gradle-launcher-4.4.jar
Launcher Type: SUN_STANDARD

Environment Variables:
PATH=C:\ProgramData\Oracle\Java\javapath;C:\Program Files (x86)\Intel\iCLS Client\;C:\Program Files\Intel\iCLS Client\;C:\Windows\system32;C:\Windows;C:\Windows\System32\Wbem;C:\Windows\System32\WindowsPowerShell\v1.0\;C:\Program Files (x86)\NVIDIA Corporation\PhysX\Common;C:\Program Files (x86)\Intel\Intel(R) Management Engine Components\DAL;C:\Program Files\Intel\Intel(R) Management Engine Components\DAL;C:\Program Files (x86)\Intel\Intel(R) Management Engine Components\IPT;C:\Program Files\Intel\Intel(R) Management Engine Components\IPT;c:\Program Files (x86)\Microsoft SQL Server\100\Tools\Binn\;c:\Program Files\Microsoft SQL Server\100\Tools\Binn\;c:\Program Files\Microsoft SQL Server\100\DTS\Binn\;C:\Windows\system32\config\systemprofile\.dnx\bin;C:\Program Files\Microsoft DNX\Dnvm\;C:\Program Files (x86)\Windows Kits\8.1\Windows Performance Toolkit\;C:\PROGRA~2\Bellcore\xSuds\bin;C:\Program Files\Microsoft SQL Server\110\Tools\Binn\;C:\Program Files (x86)\Common Files\AspenTech Shared\;C:\Program Files\MATLAB\R2018a\runtime\win64;C:\Program Files\MATLAB\R2018a\bin;C:\Program Files\Git\cmd;C:\Users\User\AppData\Local\Programs\Python\Python36\Scripts\;C:\Users\User\AppData\Local\Programs\Python\Python36\;C:\Users\User\AppData\Local\Programs\Python\Python36-32\Scripts\;C:\Users\User\AppData\Local\Programs\Python\Python36-32\;AspenTech\Aspen Hydraulics;C:\Users\User\AppData\Local\GitHubDesktop\bin
USERNAME=User
OS=Windows_NT
PROCESSOR_IDENTIFIER=Intel64 Family 6 Model 78 Stepping 3, GenuineIntel



---------------  S Y S T E M  ---------------

OS: Windows 7 , 64 bit Build 7601 (6.1.7601.23572)

CPU:total 4 (initial active 4) (2 cores per cpu, 2 threads per core) family 6 model 78 stepping 3, cmov, cx8, fxsr, mmx, sse, sse2, sse3, ssse3, sse4.1, sse4.2, popcnt, avx, avx2, aes, clmul, erms, rtm, 3dnowpref, lzcnt, ht, tsc, tscinvbit, bmi1, bmi2, adx

Memory: 4k page, physical 4085008k(265332k free), swap 4083148k(5360k free)

vm_info: OpenJDK 64-Bit Server VM (25.152-b02) for windows-amd64 JRE (1.8.0_152-release-1024-b02), built by "builder" with MS VC++ 10.0 (VS2010)

time: Wed Oct 17 18:14:49 2018
elapsed time: 82 seconds (0d 0h 1m 22s)

