#
# There is insufficient memory for the Java Runtime Environment to continue.
# Native memory allocation (malloc) failed to allocate 1132576 bytes for Chunk::new
# Possible reasons:
#   The system is out of physical RAM or swap space
#   In 32 bit mode, the process size limit was hit
# Possible solutions:
#   Reduce memory load on the system
#   Increase physical memory or swap space
#   Check if swap backing store is full
#   Use 64 bit Java on a 64 bit OS
#   Decrease Java heap size (-Xmx/-Xms)
#   Decrease number of Java threads
#   Decrease Java thread stack sizes (-Xss)
#   Set larger code cache with -XX:ReservedCodeCacheSize=
# This output file may be truncated or incomplete.
#
#  Out of Memory Error (allocation.cpp:390), pid=4560, tid=0x00000000000005f4
#
# JRE version: OpenJDK Runtime Environment (8.0_152-b02) (build 1.8.0_152-release-1024-b02)
# Java VM: OpenJDK 64-Bit Server VM (25.152-b02 mixed mode windows-amd64 compressed oops)
# Failed to write core dump. Minidumps are not enabled by default on client versions of Windows
#

---------------  T H R E A D  ---------------

Current thread (0x00000000564ac000):  JavaThread "C2 CompilerThread1" daemon [_thread_in_native, id=1524, stack(0x0000000056da0000,0x0000000056ea0000)]

Stack: [0x0000000056da0000,0x0000000056ea0000]
[error occurred during error reporting (printing stack bounds), id 0xc0000005]

Native frames: (J=compiled Java code, j=interpreted, Vv=VM code, C=native code)


Current CompileTask:
C2:1283938 14161       4       org.gradle.api.internal.artifacts.ivyservice.resolveengine.artifact.ResolvedArtifactsGraphVisitor::getArtifacts (189 bytes)


---------------  P R O C E S S  ---------------

Java Threads: ( => current thread )
  0x000000005a551000 JavaThread "Task worker for ':' Thread 3" [_thread_blocked, id=3856, stack(0x0000000065500000,0x0000000065600000)]
  0x000000005a555800 JavaThread "Task worker for ':' Thread 2" [_thread_blocked, id=2824, stack(0x0000000065370000,0x0000000065470000)]
  0x000000005b9e4800 JavaThread "Task worker for ':'" [_thread_blocked, id=4840, stack(0x0000000065260000,0x0000000065360000)]
  0x000000005b9e5800 JavaThread "Cache worker for Build Output Cleanup Cache (C:\Users\User\Desktop\friendlychat-android-master\friendlychat-android-master\android-start\.gradle\buildOutputCleanup)" [_thread_blocked, id=284, stack(0x00000000650f0000,0x00000000651f0000)]
  0x000000005b9e2800 JavaThread "Cache worker for task history cache (C:\Users\User\Desktop\friendlychat-android-master\friendlychat-android-master\android-start\.gradle\4.4\taskHistory)" [_thread_blocked, id=1352, stack(0x0000000064d80000,0x0000000064e80000)]
  0x000000005b9e3000 JavaThread "Cache worker for file content cache (C:\Users\User\Desktop\friendlychat-android-master\friendlychat-android-master\android-start\.gradle\4.4\fileContent)" [_thread_blocked, id=2720, stack(0x0000000059990000,0x0000000059a90000)]
  0x000000005a9e6800 JavaThread "build operations Thread 4" [_thread_blocked, id=2336, stack(0x00000000612b0000,0x00000000613b0000)]
  0x000000005a9e5800 JavaThread "build operations Thread 3" [_thread_blocked, id=2016, stack(0x0000000062210000,0x0000000062310000)]
  0x000000005a9e2000 JavaThread "build operations Thread 2" [_thread_blocked, id=4788, stack(0x0000000059350000,0x0000000059450000)]
  0x000000005a9e2800 JavaThread "build operations" [_thread_blocked, id=4396, stack(0x0000000061150000,0x0000000061250000)]
  0x000000005f1a9000 JavaThread "Cache worker for Artifact transforms cache (C:\Users\User\.gradle\caches\transforms-1)" [_thread_blocked, id=4268, stack(0x000000005cca0000,0x000000005cda0000)]
  0x000000005f1aa800 JavaThread "Cache worker for file hash cache (C:\Users\User\Desktop\friendlychat-android-master\friendlychat-android-master\android-start\.gradle\4.4\fileHashes)" [_thread_blocked, id=3268, stack(0x0000000058f00000,0x0000000059000000)]
  0x000000005f1ab800 JavaThread "Stdin handler" [_thread_blocked, id=1404, stack(0x0000000060f70000,0x0000000061070000)]
  0x000000005f1a8800 JavaThread "Asynchronous log dispatcher for DefaultDaemonConnection: socket connection from /127.0.0.1:50393 to /127.0.0.1:50599" [_thread_blocked, id=3240, stack(0x000000005cb30000,0x000000005cc30000)]
  0x000000005f1a6000 JavaThread "Daemon worker Thread 3" [_thread_in_native, id=4200, stack(0x000000005afc0000,0x000000005b0c0000)]
  0x000000005f1a5800 JavaThread "Cancel handler" [_thread_blocked, id=3796, stack(0x0000000059100000,0x0000000059200000)]
  0x000000005f1a4800 JavaThread "Handler for socket connection from /127.0.0.1:50393 to /127.0.0.1:50599" [_thread_in_native, id=3744, stack(0x0000000059890000,0x0000000059990000)]
  0x000000005f1a7000 JavaThread "Daemon Thread 3" [_thread_blocked, id=1212, stack(0x0000000059480000,0x0000000059580000)]
  0x000000005a556000 JavaThread "Memory manager" [_thread_blocked, id=1724, stack(0x0000000057160000,0x0000000057260000)]
  0x00000000584fe000 JavaThread "File lock request listener" [_thread_in_native, id=4248, stack(0x000000005acf0000,0x000000005adf0000)]
  0x00000000585b2000 JavaThread "Cache worker for file hash cache (C:\Users\User\.gradle\caches\4.4\fileHashes)" [_thread_blocked, id=4376, stack(0x000000005ae10000,0x000000005af10000)]
  0x0000000058416000 JavaThread "Daemon periodic checks" [_thread_blocked, id=2312, stack(0x0000000059210000,0x0000000059310000)]
  0x000000005829a800 JavaThread "Incoming local TCP Connector on port 50393" [_thread_in_native, id=3264, stack(0x0000000059000000,0x0000000059100000)]
  0x00000000564e2000 JavaThread "Service Thread" daemon [_thread_blocked, id=1084, stack(0x0000000057270000,0x0000000057370000)]
  0x00000000564af000 JavaThread "C1 CompilerThread2" daemon [_thread_blocked, id=2904, stack(0x0000000057020000,0x0000000057120000)]
=>0x00000000564ac000 JavaThread "C2 CompilerThread1" daemon [_thread_in_native, id=1524, stack(0x0000000056da0000,0x0000000056ea0000)]
  0x000000005645f000 JavaThread "C2 CompilerThread0" daemon [_thread_in_native, id=1336, stack(0x0000000056c00000,0x0000000056d00000)]
  0x000000005644a800 JavaThread "Attach Listener" daemon [_thread_blocked, id=3808, stack(0x0000000056a20000,0x0000000056b20000)]
  0x000000005510e000 JavaThread "Signal Dispatcher" daemon [_thread_blocked, id=4948, stack(0x00000000568a0000,0x00000000569a0000)]
  0x00000000550f2800 JavaThread "Finalizer" daemon [_thread_blocked, id=1856, stack(0x0000000056340000,0x0000000056440000)]
  0x00000000550b1800 JavaThread "Reference Handler" daemon [_thread_blocked, id=3868, stack(0x0000000056160000,0x0000000056260000)]
  0x000000000255f000 JavaThread "main" [_thread_blocked, id=3732, stack(0x0000000002830000,0x0000000002930000)]

Other Threads:
  0x00000000550a9800 VMThread [stack: 0x0000000056040000,0x0000000056140000] [id=2364]
  0x00000000564bd000 WatcherThread [stack: 0x0000000056f00000,0x0000000057000000] [id=1720]

VM state:not at safepoint (normal execution)

VM Mutex/Monitor currently owned by a thread: None

Heap:
 PSYoungGen      total 323072K, used 263661K [0x00000000eab00000, 0x0000000100000000, 0x0000000100000000)
  eden space 300032K, 85% used [0x00000000eab00000,0x00000000fa570570,0x00000000fd000000)
  from space 23040K, 31% used [0x00000000fd000000,0x00000000fd70b268,0x00000000fe680000)
  to   space 22528K, 0% used [0x00000000fea00000,0x00000000fea00000,0x0000000100000000)
 ParOldGen       total 112128K, used 64129K [0x00000000c0000000, 0x00000000c6d80000, 0x00000000eab00000)
  object space 112128K, 57% used [0x00000000c0000000,0x00000000c3ea05c0,0x00000000c6d80000)
 Metaspace       used 77058K, capacity 80784K, committed 81024K, reserved 1120256K
  class space    used 10149K, capacity 11086K, committed 11136K, reserved 1048576K

Card table byte_map: [0x0000000011cf0000,0x0000000011f00000] byte_map_base: 0x00000000116f0000

Marking Bits: (ParMarkBitMap*) 0x000000005d564970
 Begin Bits: [0x0000000012520000, 0x0000000013520000)
 End Bits:   [0x0000000013520000, 0x0000000014520000)

Polling page: 0x0000000000430000

CodeCache: size=245760Kb used=39423Kb max_used=39423Kb free=206336Kb
 bounds [0x0000000002930000, 0x0000000004ff0000, 0x0000000011930000]
 total_blobs=12204 nmethods=11380 adapters=736
 compilation: enabled

Compilation events (10 events):
Event: 1283.591 Thread 0x00000000564af000 14166       3       sun.reflect.ClassDefiner::defineClass (31 bytes)
Event: 1283.592 Thread 0x00000000564af000 nmethod 14166 0x0000000004fe37d0 code [0x0000000004fe3960, 0x0000000004fe3db8]
Event: 1283.592 Thread 0x00000000564af000 14167       3       sun.reflect.ClassDefiner$1::<init> (10 bytes)
Event: 1283.592 Thread 0x00000000564af000 nmethod 14167 0x0000000004fa3050 code [0x0000000004fa31a0, 0x0000000004fa3370]
Event: 1283.592 Thread 0x00000000564af000 14168       3       sun.reflect.ClassDefiner$1::run (5 bytes)
Event: 1283.592 Thread 0x00000000564af000 nmethod 14168 0x0000000004f7c650 code [0x0000000004f7c800, 0x0000000004f7ce98]
Event: 1283.593 Thread 0x00000000564af000 14169       3       sun.reflect.ClassDefiner$1::run (12 bytes)
Event: 1283.593 Thread 0x00000000564af000 nmethod 14169 0x0000000004fe2d10 code [0x0000000004fe2ec0, 0x0000000004fe3498]
Event: 1283.593 Thread 0x00000000564af000 14170       3       sun.reflect.DelegatingClassLoader::<init> (6 bytes)
Event: 1283.594 Thread 0x00000000564af000 nmethod 14170 0x0000000004fe0250 code [0x0000000004fe0400, 0x0000000004fe08f8]

GC Heap History (10 events):
Event: 27.777 GC heap before
{Heap before GC invocations=15 (full 3):
 PSYoungGen      total 195072K, used 179712K [0x00000000eab00000, 0x00000000fd800000, 0x0000000100000000)
  eden space 179712K, 100% used [0x00000000eab00000,0x00000000f5a80000,0x00000000f5a80000)
  from space 15360K, 0% used [0x00000000f5a80000,0x00000000f5a80000,0x00000000f6980000)
  to   space 22016K, 0% used [0x00000000fc280000,0x00000000fc280000,0x00000000fd800000)
 ParOldGen       total 78336K, used 43295K [0x00000000c0000000, 0x00000000c4c80000, 0x00000000eab00000)
  object space 78336K, 55% used [0x00000000c0000000,0x00000000c2a47d38,0x00000000c4c80000)
 Metaspace       used 62961K, capacity 65342K, committed 65408K, reserved 1105920K
  class space    used 8659K, capacity 9344K, committed 9344K, reserved 1048576K
Event: 27.805 GC heap after
Heap after GC invocations=15 (full 3):
 PSYoungGen      total 266752K, used 19749K [0x00000000eab00000, 0x00000000fd600000, 0x0000000100000000)
  eden space 246784K, 0% used [0x00000000eab00000,0x00000000eab00000,0x00000000f9c00000)
  from space 19968K, 98% used [0x00000000fc280000,0x00000000fd5c9560,0x00000000fd600000)
  to   space 25088K, 0% used [0x00000000fa500000,0x00000000fa500000,0x00000000fbd80000)
 ParOldGen       total 78336K, used 43303K [0x00000000c0000000, 0x00000000c4c80000, 0x00000000eab00000)
  object space 78336K, 55% used [0x00000000c0000000,0x00000000c2a49d38,0x00000000c4c80000)
 Metaspace       used 62961K, capacity 65342K, committed 65408K, reserved 1105920K
  class space    used 8659K, capacity 9344K, committed 9344K, reserved 1048576K
}
Event: 48.562 GC heap before
{Heap before GC invocations=16 (full 3):
 PSYoungGen      total 266752K, used 266533K [0x00000000eab00000, 0x00000000fd600000, 0x0000000100000000)
  eden space 246784K, 100% used [0x00000000eab00000,0x00000000f9c00000,0x00000000f9c00000)
  from space 19968K, 98% used [0x00000000fc280000,0x00000000fd5c9560,0x00000000fd600000)
  to   space 25088K, 0% used [0x00000000fa500000,0x00000000fa500000,0x00000000fbd80000)
 ParOldGen       total 78336K, used 43303K [0x00000000c0000000, 0x00000000c4c80000, 0x00000000eab00000)
  object space 78336K, 55% used [0x00000000c0000000,0x00000000c2a49d38,0x00000000c4c80000)
 Metaspace       used 67996K, capacity 70926K, committed 71168K, reserved 1110016K
  class space    used 9114K, capacity 9861K, committed 9984K, reserved 1048576K
Event: 48.601 GC heap after
Heap after GC invocations=16 (full 3):
 PSYoungGen      total 281088K, used 12309K [0x00000000eab00000, 0x0000000100000000, 0x0000000100000000)
  eden space 256000K, 0% used [0x00000000eab00000,0x00000000eab00000,0x00000000fa500000)
  from space 25088K, 49% used [0x00000000fa500000,0x00000000fb105730,0x00000000fbd80000)
  to   space 24064K, 0% used [0x00000000fe880000,0x00000000fe880000,0x0000000100000000)
 ParOldGen       total 78336K, used 58867K [0x00000000c0000000, 0x00000000c4c80000, 0x00000000eab00000)
  object space 78336K, 75% used [0x00000000c0000000,0x00000000c397cec0,0x00000000c4c80000)
 Metaspace       used 67996K, capacity 70926K, committed 71168K, reserved 1110016K
  class space    used 9114K, capacity 9861K, committed 9984K, reserved 1048576K
}
Event: 70.445 GC heap before
{Heap before GC invocations=17 (full 3):
 PSYoungGen      total 281088K, used 268309K [0x00000000eab00000, 0x0000000100000000, 0x0000000100000000)
  eden space 256000K, 100% used [0x00000000eab00000,0x00000000fa500000,0x00000000fa500000)
  from space 25088K, 49% used [0x00000000fa500000,0x00000000fb105730,0x00000000fbd80000)
  to   space 24064K, 0% used [0x00000000fe880000,0x00000000fe880000,0x0000000100000000)
 ParOldGen       total 78336K, used 58867K [0x00000000c0000000, 0x00000000c4c80000, 0x00000000eab00000)
  object space 78336K, 75% used [0x00000000c0000000,0x00000000c397cec0,0x00000000c4c80000)
 Metaspace       used 73177K, capacity 76168K, committed 76416K, reserved 1116160K
  class space    used 9730K, capacity 10501K, committed 10624K, reserved 1048576K
Event: 70.476 GC heap after
Heap after GC invocations=17 (full 3):
 PSYoungGen      total 321024K, used 8820K [0x00000000eab00000, 0x00000000ffd00000, 0x0000000100000000)
  eden space 300032K, 0% used [0x00000000eab00000,0x00000000eab00000,0x00000000fd000000)
  from space 20992K, 42% used [0x00000000fe880000,0x00000000ff11d178,0x00000000ffd00000)
  to   space 23040K, 0% used [0x00000000fd000000,0x00000000fd000000,0x00000000fe680000)
 ParOldGen       total 78336K, used 67970K [0x00000000c0000000, 0x00000000c4c80000, 0x00000000eab00000)
  object space 78336K, 86% used [0x00000000c0000000,0x00000000c4260980,0x00000000c4c80000)
 Metaspace       used 73177K, capacity 76168K, committed 76416K, reserved 1116160K
  class space    used 9730K, capacity 10501K, committed 10624K, reserved 1048576K
}
Event: 70.476 GC heap before
{Heap before GC invocations=18 (full 4):
 PSYoungGen      total 321024K, used 8820K [0x00000000eab00000, 0x00000000ffd00000, 0x0000000100000000)
  eden space 300032K, 0% used [0x00000000eab00000,0x00000000eab00000,0x00000000fd000000)
  from space 20992K, 42% used [0x00000000fe880000,0x00000000ff11d178,0x00000000ffd00000)
  to   space 23040K, 0% used [0x00000000fd000000,0x00000000fd000000,0x00000000fe680000)
 ParOldGen       total 78336K, used 67970K [0x00000000c0000000, 0x00000000c4c80000, 0x00000000eab00000)
  object space 78336K, 86% used [0x00000000c0000000,0x00000000c4260980,0x00000000c4c80000)
 Metaspace       used 73177K, capacity 76168K, committed 76416K, reserved 1116160K
  class space    used 9730K, capacity 10501K, committed 10624K, reserved 1048576K
Event: 70.816 GC heap after
Heap after GC invocations=18 (full 4):
 PSYoungGen      total 321024K, used 0K [0x00000000eab00000, 0x00000000ffd00000, 0x0000000100000000)
  eden space 300032K, 0% used [0x00000000eab00000,0x00000000eab00000,0x00000000fd000000)
  from space 20992K, 0% used [0x00000000fe880000,0x00000000fe880000,0x00000000ffd00000)
  to   space 23040K, 0% used [0x00000000fd000000,0x00000000fd000000,0x00000000fe680000)
 ParOldGen       total 112128K, used 64121K [0x00000000c0000000, 0x00000000c6d80000, 0x00000000eab00000)
  object space 112128K, 57% used [0x00000000c0000000,0x00000000c3e9e5c0,0x00000000c6d80000)
 Metaspace       used 73177K, capacity 76168K, committed 76416K, reserved 1116160K
  class space    used 9730K, capacity 10501K, committed 10624K, reserved 1048576K
}
Event: 262.527 GC heap before
{Heap before GC invocations=19 (full 4):
 PSYoungGen      total 321024K, used 300032K [0x00000000eab00000, 0x00000000ffd00000, 0x0000000100000000)
  eden space 300032K, 100% used [0x00000000eab00000,0x00000000fd000000,0x00000000fd000000)
  from space 20992K, 0% used [0x00000000fe880000,0x00000000fe880000,0x00000000ffd00000)
  to   space 23040K, 0% used [0x00000000fd000000,0x00000000fd000000,0x00000000fe680000)
 ParOldGen       total 112128K, used 64121K [0x00000000c0000000, 0x00000000c6d80000, 0x00000000eab00000)
  object space 112128K, 57% used [0x00000000c0000000,0x00000000c3e9e5c0,0x00000000c6d80000)
 Metaspace       used 75740K, capacity 79152K, committed 79360K, reserved 1118208K
  class space    used 10012K, capacity 10892K, committed 11008K, reserved 1048576K
Event: 262.620 GC heap after
Heap after GC invocations=19 (full 4):
 PSYoungGen      total 323072K, used 7212K [0x00000000eab00000, 0x0000000100000000, 0x0000000100000000)
  eden space 300032K, 0% used [0x00000000eab00000,0x00000000eab00000,0x00000000fd000000)
  from space 23040K, 31% used [0x00000000fd000000,0x00000000fd70b268,0x00000000fe680000)
  to   space 22528K, 0% used [0x00000000fea00000,0x00000000fea00000,0x0000000100000000)
 ParOldGen       total 112128K, used 64129K [0x00000000c0000000, 0x00000000c6d80000, 0x00000000eab00000)
  object space 112128K, 57% used [0x00000000c0000000,0x00000000c3ea05c0,0x00000000c6d80000)
 Metaspace       used 75740K, capacity 79152K, committed 79360K, reserved 1118208K
  class space    used 10012K, capacity 10892K, committed 11008K, reserved 1048576K
}

Deoptimization events (10 events):
Event: 316.799 Thread 0x000000005f1a7000 Uncommon trap: reason=class_check action=maybe_recompile pc=0x0000000003b0c594 method=com.android.ide.common.symbols.Symbol$Companion.createSymbol(Lcom/android/resources/ResourceAccessibility;Lcom/android/resources/ResourceType;Ljava/lang/String;Lcom/andr
Event: 321.511 Thread 0x000000005f1a7000 Uncommon trap: reason=bimorphic action=maybe_recompile pc=0x00000000047affb4 method=java.io.Writer.write(Ljava/lang/String;)V @ 7
Event: 1275.272 Thread 0x000000005f1a6000 Uncommon trap: reason=unstable_if action=reinterpret pc=0x00000000040c32e0 method=sun.nio.ch.IOUtil.writeFromNativeBuffer(Ljava/io/FileDescriptor;Ljava/nio/ByteBuffer;JLsun/nio/ch/NativeDispatcher;)I @ 66
Event: 1276.896 Thread 0x000000005f1a6000 Uncommon trap: reason=predicate action=maybe_recompile pc=0x000000000461d974 method=com.google.common.collect.RegularImmutableMap.checkNoConflictInKeyBucket(Ljava/lang/Object;Ljava/util/Map$Entry;Lcom/google/common/collect/ImmutableMapEntry;)V @ 4
Event: 1277.117 Thread 0x000000005f1a6000 Uncommon trap: reason=class_check action=maybe_recompile pc=0x0000000004de3fcc method=java.util.Iterator.forEachRemaining(Ljava/util/function/Consumer;)V @ 6
Event: 1277.149 Thread 0x000000005f1a6000 Uncommon trap: reason=class_check action=maybe_recompile pc=0x0000000004de3fcc method=java.util.Iterator.forEachRemaining(Ljava/util/function/Consumer;)V @ 6
Event: 1277.157 Thread 0x000000005f1a6000 Uncommon trap: reason=class_check action=maybe_recompile pc=0x0000000004de3fcc method=java.util.Iterator.forEachRemaining(Ljava/util/function/Consumer;)V @ 6
Event: 1277.199 Thread 0x000000005f1a6000 Uncommon trap: reason=unstable_if action=reinterpret pc=0x000000000439d01c method=org.objectweb.asm.Frame.push(Lorg/objectweb/asm/ClassWriter;Ljava/lang/String;)V @ 18
Event: 1277.243 Thread 0x000000005f1a6000 Uncommon trap: reason=unstable_if action=reinterpret pc=0x0000000004de2e78 method=java.util.RegularEnumSet.contains(Ljava/lang/Object;)Z @ 16
Event: 1283.162 Thread 0x000000005a9e2800 Uncommon trap: reason=unstable_if action=reinterpret pc=0x0000000004223964 method=java.util.concurrent.locks.AbstractQueuedSynchronizer.unparkSuccessor(Ljava/util/concurrent/locks/AbstractQueuedSynchronizer$Node;)V @ 22

Classes redefined (0 events):
No events

Internal exceptions (10 events):
Event: 1275.606 Thread 0x000000005f1a6000 Exception <a 'java/lang/NoSuchMethodError': <clinit>> (0x00000000f5fc4e20) thrown at [D:\src\AOSP-openjdk-cygwin\jdk8u\hotspot\src\share\vm\prims\jni.cpp, line 1613]
Event: 1275.711 Thread 0x000000005f1a6000 Exception <a 'java/lang/NoSuchMethodError': <clinit>> (0x00000000f6049b60) thrown at [D:\src\AOSP-openjdk-cygwin\jdk8u\hotspot\src\share\vm\prims\jni.cpp, line 1613]
Event: 1275.714 Thread 0x000000005f1a6000 Exception <a 'java/lang/NoSuchMethodError': <clinit>> (0x00000000f60568d0) thrown at [D:\src\AOSP-openjdk-cygwin\jdk8u\hotspot\src\share\vm\prims\jni.cpp, line 1613]
Event: 1275.754 Thread 0x000000005f1a6000 Exception <a 'java/lang/NoSuchMethodError': <clinit>> (0x00000000f60c1e78) thrown at [D:\src\AOSP-openjdk-cygwin\jdk8u\hotspot\src\share\vm\prims\jni.cpp, line 1613]
Event: 1275.755 Thread 0x000000005f1a6000 Exception <a 'java/lang/NoSuchMethodError': <clinit>> (0x00000000f60c5ad0) thrown at [D:\src\AOSP-openjdk-cygwin\jdk8u\hotspot\src\share\vm\prims\jni.cpp, line 1613]
Event: 1275.755 Thread 0x000000005f1a6000 Exception <a 'java/lang/NoSuchMethodError': <clinit>> (0x00000000f60c75d8) thrown at [D:\src\AOSP-openjdk-cygwin\jdk8u\hotspot\src\share\vm\prims\jni.cpp, line 1613]
Event: 1276.911 Thread 0x000000005f1a6000 Exception <a 'sun/nio/fs/WindowsException'> (0x00000000f6a99e00) thrown at [D:\src\AOSP-openjdk-cygwin\jdk8u\hotspot\src\share\vm\prims\jni.cpp, line 709]
Event: 1277.294 Thread 0x000000005f1a6000 Exception <a 'java/lang/reflect/InvocationTargetException'> (0x00000000f7736528) thrown at [D:\src\AOSP-openjdk-cygwin\jdk8u\hotspot\src\share\vm\runtime\reflection.cpp, line 1092]
Event: 1277.314 Thread 0x000000005f1a6000 Exception <a 'java/lang/reflect/InvocationTargetException'> (0x00000000f77466e8) thrown at [D:\src\AOSP-openjdk-cygwin\jdk8u\hotspot\src\share\vm\runtime\reflection.cpp, line 1092]
Event: 1283.162 Thread 0x000000005a9e2800 Implicit null exception at 0x0000000004223752 to 0x000000000422394f

Events (10 events):
Event: 1281.054 Executing VM operation: RevokeBias done
Event: 1281.054 Executing VM operation: RevokeBias
Event: 1281.054 Executing VM operation: RevokeBias done
Event: 1281.301 Executing VM operation: RevokeBias
Event: 1281.301 Executing VM operation: RevokeBias done
Event: 1282.572 loading class java/util/ArrayDeque$1
Event: 1282.583 loading class java/util/ArrayDeque$1 done
Event: 1283.162 Thread 0x000000005a9e2800 Uncommon trap: trap_request=0xffffff65 fr.pc=0x0000000004223964
Event: 1283.162 Thread 0x000000005a9e2800 DEOPT PACKING pc=0x0000000004223964 sp=0x000000006124f5f0
Event: 1283.162 Thread 0x000000005a9e2800 DEOPT UNPACKING pc=0x000000000297557b sp=0x000000006124f3f8 mode 2


Dynamic libraries:
0x000000013fd20000 - 0x000000013fd51000 	C:\Program Files\Android\Android Studio\jre\bin\java.exe
0x0000000077a80000 - 0x0000000077c2a000 	C:\Windows\SYSTEM32\ntdll.dll
0x0000000077860000 - 0x000000007797f000 	C:\Windows\system32\kernel32.dll
0x000007fefd950000 - 0x000007fefd9ba000 	C:\Windows\system32\KERNELBASE.dll
0x000007fefe130000 - 0x000007fefe20b000 	C:\Windows\system32\ADVAPI32.dll
0x000007fefe080000 - 0x000007fefe11f000 	C:\Windows\system32\msvcrt.dll
0x000007feffbe0000 - 0x000007feffbff000 	C:\Windows\SYSTEM32\sechost.dll
0x000007fefecd0000 - 0x000007fefedfd000 	C:\Windows\system32\RPCRT4.dll
0x0000000077980000 - 0x0000000077a7a000 	C:\Windows\system32\USER32.dll
0x000007fefde70000 - 0x000007fefded7000 	C:\Windows\system32\GDI32.dll
0x000007fefe120000 - 0x000007fefe12e000 	C:\Windows\system32\LPK.dll
0x000007fefe420000 - 0x000007fefe4ea000 	C:\Windows\system32\USP10.dll
0x000007fefc000000 - 0x000007fefc1f4000 	C:\Windows\WinSxS\amd64_microsoft.windows.common-controls_6595b64144ccf1df_6.0.7601.18837_none_fa3b1e3d17594757\COMCTL32.dll
0x000007fefe000000 - 0x000007fefe071000 	C:\Windows\system32\SHLWAPI.dll
0x000007fefe8b0000 - 0x000007fefe8de000 	C:\Windows\system32\IMM32.DLL
0x000007fefdd60000 - 0x000007fefde69000 	C:\Windows\system32\MSCTF.dll
0x000007fefd6f0000 - 0x000007fefd720000 	C:\Windows\system32\nvinitx.dll
0x000007fefd6e0000 - 0x000007fefd6ec000 	C:\Windows\system32\VERSION.dll
0x0000000075320000 - 0x0000000075326000 	C:\Program Files\NVIDIA Corporation\CoProcManager\detoured.dll
0x000007fefbb50000 - 0x000007fefbb88000 	C:\Program Files\NVIDIA Corporation\CoProcManager\nvd3d9wrapx.dll
0x000007fefdb80000 - 0x000007fefdd57000 	C:\Windows\system32\SETUPAPI.dll
0x000007fefd820000 - 0x000007fefd856000 	C:\Windows\system32\CFGMGR32.dll
0x000007fefe7d0000 - 0x000007fefe8aa000 	C:\Windows\system32\OLEAUT32.dll
0x000007fefe210000 - 0x000007fefe413000 	C:\Windows\system32\ole32.dll
0x000007fefd870000 - 0x000007fefd88a000 	C:\Windows\system32\DEVOBJ.dll
0x000007fefbb20000 - 0x000007fefbb44000 	C:\Program Files\NVIDIA Corporation\CoProcManager\nvdxgiwrapx.dll
0x0000000062130000 - 0x0000000062202000 	C:\Program Files\Android\Android Studio\jre\jre\bin\msvcr100.dll
0x000000005cda0000 - 0x000000005d5df000 	C:\Program Files\Android\Android Studio\jre\jre\bin\server\jvm.dll
0x000007fefbd90000 - 0x000007fefbd99000 	C:\Windows\system32\WSOCK32.dll
0x000007fefee00000 - 0x000007fefee4d000 	C:\Windows\system32\WS2_32.dll
0x000007fefdb70000 - 0x000007fefdb78000 	C:\Windows\system32\NSI.dll
0x000007fefad30000 - 0x000007fefad6b000 	C:\Windows\system32\WINMM.dll
0x0000000077c50000 - 0x0000000077c57000 	C:\Windows\system32\PSAPI.DLL
0x000007fefbd80000 - 0x000007fefbd8f000 	C:\Program Files\Android\Android Studio\jre\jre\bin\verify.dll
0x000007fef3b90000 - 0x000007fef3bb9000 	C:\Program Files\Android\Android Studio\jre\jre\bin\java.dll
0x000007fef5310000 - 0x000007fef5326000 	C:\Program Files\Android\Android Studio\jre\jre\bin\zip.dll
0x000007fefee50000 - 0x000007feffbda000 	C:\Windows\system32\SHELL32.dll
0x000007fefd7b0000 - 0x000007fefd7bf000 	C:\Windows\system32\profapi.dll
0x000007fef50a0000 - 0x000007fef50ba000 	C:\Program Files\Android\Android Studio\jre\jre\bin\net.dll
0x000007fefcf10000 - 0x000007fefcf65000 	C:\Windows\system32\mswsock.dll
0x000007fefcf00000 - 0x000007fefcf07000 	C:\Windows\System32\wship6.dll
0x000007fef4d10000 - 0x000007fef4d21000 	C:\Program Files\Android\Android Studio\jre\jre\bin\nio.dll
0x000007fef0090000 - 0x000007fef00ae000 	C:\Users\User\.gradle\native\25\windows-amd64\native-platform.dll
0x000007fef5060000 - 0x000007fef506d000 	C:\Program Files\Android\Android Studio\jre\jre\bin\management.dll
0x000007fefcf70000 - 0x000007fefcf88000 	C:\Windows\system32\CRYPTSP.dll
0x000007fefcc70000 - 0x000007fefccb7000 	C:\Windows\system32\rsaenh.dll
0x000007fefd9c0000 - 0x000007fefd9de000 	C:\Windows\system32\USERENV.dll
0x000007fefd5d0000 - 0x000007fefd5df000 	C:\Windows\system32\CRYPTBASE.dll
0x000007fefa420000 - 0x000007fefa447000 	C:\Windows\system32\IPHLPAPI.DLL
0x000007fefa410000 - 0x000007fefa41b000 	C:\Windows\system32\WINNSI.DLL
0x000007fefa260000 - 0x000007fefa271000 	C:\Windows\system32\dhcpcsvc6.DLL
0x000007fefa120000 - 0x000007fefa138000 	C:\Windows\system32\dhcpcsvc.DLL
0x000007fef3690000 - 0x000007fef36b4000 	C:\Program Files\Android\Android Studio\jre\jre\bin\sunec.dll
0x000007fefc780000 - 0x000007fefc787000 	C:\Windows\System32\wshtcpip.dll
0x000007fefcd90000 - 0x000007fefcdeb000 	C:\Windows\system32\DNSAPI.dll
0x000007fef9fc0000 - 0x000007fef9fc8000 	C:\Windows\system32\rasadhlp.dll
0x000007fefa310000 - 0x000007fefa363000 	C:\Windows\System32\fwpuclnt.dll
0x000007fef5020000 - 0x000007fef502b000 	C:\Program Files\Android\Android Studio\jre\jre\bin\sunmscapi.dll
0x000007fefda00000 - 0x000007fefdb6d000 	C:\Windows\system32\CRYPT32.dll
0x000007fefd7c0000 - 0x000007fefd7cf000 	C:\Windows\system32\MSASN1.dll
0x000007fefd570000 - 0x000007fefd5c7000 	C:\Windows\system32\apphelp.dll

VM Arguments:
jvm_args: -XX:+HeapDumpOnOutOfMemoryError -Xmx1024m -Dfile.encoding=x-windows-949 -Duser.country=KR -Duser.language=ko -Duser.variant 
java_command: org.gradle.launcher.daemon.bootstrap.GradleDaemon 4.4
java_class_path (initial): C:\Users\User\.gradle\wrapper\dists\gradle-4.4-all\9br9xq1tocpiv8o6njlyu5op1\gradle-4.4\lib\gradle-launcher-4.4.jar
Launcher Type: SUN_STANDARD

Environment Variables:
PATH=C:\ProgramData\Oracle\Java\javapath;C:\Program Files (x86)\Intel\iCLS Client\;C:\Program Files\Intel\iCLS Client\;C:\Windows\system32;C:\Windows;C:\Windows\System32\Wbem;C:\Windows\System32\WindowsPowerShell\v1.0\;C:\Program Files (x86)\NVIDIA Corporation\PhysX\Common;C:\Program Files (x86)\Intel\Intel(R) Management Engine Components\DAL;C:\Program Files\Intel\Intel(R) Management Engine Components\DAL;C:\Program Files (x86)\Intel\Intel(R) Management Engine Components\IPT;C:\Program Files\Intel\Intel(R) Management Engine Components\IPT;c:\Program Files (x86)\Microsoft SQL Server\100\Tools\Binn\;c:\Program Files\Microsoft SQL Server\100\Tools\Binn\;c:\Program Files\Microsoft SQL Server\100\DTS\Binn\;C:\Windows\system32\config\systemprofile\.dnx\bin;C:\Program Files\Microsoft DNX\Dnvm\;C:\Program Files (x86)\Windows Kits\8.1\Windows Performance Toolkit\;C:\PROGRA~2\Bellcore\xSuds\bin;C:\Program Files\Microsoft SQL Server\110\Tools\Binn\;C:\Program Files (x86)\Common Files\AspenTech Shared\;C:\Program Files\MATLAB\R2018a\runtime\win64;C:\Program Files\MATLAB\R2018a\bin;C:\Program Files\Git\cmd;C:\Users\User\AppData\Local\Programs\Python\Python36\Scripts\;C:\Users\User\AppData\Local\Programs\Python\Python36\;C:\Users\User\AppData\Local\Programs\Python\Python36-32\Scripts\;C:\Users\User\AppData\Local\Programs\Python\Python36-32\;AspenTech\Aspen Hydraulics;C:\Users\User\AppData\Local\GitHubDesktop\bin
USERNAME=User
OS=Windows_NT
PROCESSOR_IDENTIFIER=Intel64 Family 6 Model 78 Stepping 3, GenuineIntel



---------------  S Y S T E M  ---------------

OS: Windows 7 , 64 bit Build 7601 (6.1.7601.23572)

CPU:total 4 (initial active 4) (2 cores per cpu, 2 threads per core) family 6 model 78 stepping 3, cmov, cx8, fxsr, mmx, sse, sse2, sse3, ssse3, sse4.1, sse4.2, popcnt, avx, avx2, aes, clmul, erms, rtm, 3dnowpref, lzcnt, ht, tsc, tscinvbit, bmi1, bmi2, adx

Memory: 4k page, physical 4085008k(450396k free), swap 4083148k(5892k free)

vm_info: OpenJDK 64-Bit Server VM (25.152-b02) for windows-amd64 JRE (1.8.0_152-release-1024-b02), built by "builder" with MS VC++ 10.0 (VS2010)

time: Wed Oct 17 17:14:34 2018
elapsed time: 1283 seconds (0d 0h 21m 23s)

